<?xml version="1.0" encoding="UTF-8"?>
<Site BuildName="Linux-clang++"
	BuildStamp="20230108-1851-Experimental"
	Name="olympus-mons"
	Generator="ctest-3.22.1"
	CompilerName="/usr/bin/clang++"
	CompilerVersion="14.0.0"
	OSName="Linux"
	Hostname="olympus-mons"
	OSRelease="5.15.0-57-generic"
	OSVersion="#63-Ubuntu SMP Thu Nov 24 13:43:17 UTC 2022"
	OSPlatform="x86_64"
	Is64Bits="1"
	VendorString="AuthenticAMD"
	VendorID="Advanced Micro Devices"
	FamilyID="23"
	ModelID="1"
	ProcessorCacheSize="512"
	NumberOfLogicalCPU="24"
	NumberOfPhysicalCPU="12"
	TotalVirtualMemory="2047"
	TotalPhysicalMemory="31953"
	LogicalProcessorsPerPhysical="2"
	ProcessorClockFrequency="2200"
	>
	<Testing>
		<StartDateTime>Jan 08 18:07 EST</StartDateTime>
		<StartTestTime>1673219271</StartTestTime>
		<TestList>
			<Test>./tests/basic_node.function_declaration_accept</Test>
			<Test>./tests/basic_node.if_with_else_if_accept</Test>
			<Test>./tests/bin_op_node.double_greater_than_or_equal_to_int_greater</Test>
			<Test>./tests/basic_node.if_statement_accept</Test>
			<Test>./tests/bin_op_node.double_greater_than_double</Test>
			<Test>./tests/bin_op_node.double_less_than_double</Test>
			<Test>./tests/basic_node.variable_declaration_accept_expr</Test>
			<Test>./tests/bin_op_node.double_plus_double</Test>
			<Test>./tests/basic_node.if_with_else_if_with_else_accept</Test>
			<Test>./tests/basic_node.variable_declaration_accept_null_and_reassignment</Test>
			<Test>./tests/bin_op_node.int_less_than_or_equal_to_int_less</Test>
			<Test>./tests/bin_op_node.double_minus_double</Test>
			<Test>./tests/basic_node.for_statement_accept_positive_change</Test>
			<Test>./tests/basic_node.variable_declaration_accept_null</Test>
			<Test>./tests/bin_op_node.double_less_than_or_equal_to_double_equal</Test>
			<Test>./tests/bin_op_node.int_greater_than_or_equal_to_int_equal</Test>
			<Test>./tests/bin_op_node.double_multiply_double</Test>
			<Test>./tests/bin_op_node.int_greater_than_or_equal_to_int_greater</Test>
			<Test>./tests/bin_op_node.int_plus_double</Test>
			<Test>./tests/bin_op_node.int_divide_double</Test>
			<Test>./tests/bin_op_node.double_not_equal_to_double</Test>
			<Test>./tests/bin_op_node.int_minus_double</Test>
			<Test>./tests/bin_op_node.int_not_equal_to_int</Test>
			<Test>./tests/basic_node.return_statement_accept</Test>
			<Test>./tests/bin_op_node.int_multiply_double</Test>
			<Test>./tests/bin_op_node.int_less_than_int</Test>
			<Test>./tests/bin_op_node.double_greater_than_or_equal_to_int_equal</Test>
			<Test>./tests/bin_op_node.int_equal_to_double</Test>
			<Test>./tests/bin_op_node.double_equal_to_double</Test>
			<Test>./tests/basic_node.print_statement</Test>
			<Test>./tests/bin_op_node.int_less_than_or_equal_to_int_equal</Test>
			<Test>./tests/basic_node.expression_statement_accept</Test>
			<Test>./tests/basic_node.block_with_return_accept</Test>
			<Test>./tests/bin_op_node.int_greater_than_or_equal_to_double_greater</Test>
			<Test>./tests/bin_op_node.int_less_than_double</Test>
			<Test>./tests/bin_op_node.int_divide_int</Test>
			<Test>./tests/bin_op_node.int_equal_to_int</Test>
			<Test>./tests/bin_op_node.double_divide_double</Test>
			<Test>./tests/bin_op_node.int_less_than_or_equal_to_double_less</Test>
			<Test>./tests/bin_op_node.int_not_equal_to_double</Test>
			<Test>./tests/bin_op_node.int_minus_int</Test>
			<Test>./tests/bin_op_node.int_less_than_or_equal_to_double_equal</Test>
			<Test>./tests/bin_op_node.int_greater_than_double</Test>
			<Test>./tests/bin_op_node.int_greater_than_int</Test>
			<Test>./tests/bin_op_node.int_multiply_int</Test>
			<Test>./tests/bin_op_node.int_plus_int</Test>
			<Test>./tests/bin_op_node.int_greater_than_or_equal_to_double_equal</Test>
			<Test>./tests/bin_op_node.double_less_than_or_equal_to_double_less</Test>
			<Test>./tests/basic_node.for_statement_accept_negative_change</Test>
			<Test>./tests/bin_op_node.double_less_than_or_equal_to_int_less</Test>
			<Test>./tests/value_construction.list_check</Test>
			<Test>./tests/value_construction.int_check</Test>
			<Test>./tests/basic_node.block_accept</Test>
			<Test>./tests/value_construction.list_isError_check</Test>
			<Test>./tests/value_construction.function_construction</Test>
			<Test>./tests/value_construction.int_isError_check</Test>
			<Test>./tests/bin_op_node.double_less_than_or_equal_to_int_equal</Test>
			<Test>./tests/value_construction.double_check_double</Test>
			<Test>./tests/bin_op_node.double_greater_than_int</Test>
			<Test>./tests/value_construction.operator_type_check</Test>
			<Test>./tests/basic_node.string_accept</Test>
			<Test>./tests/value_construction.string_type_check</Test>
			<Test>./tests/basic_node.while_statement_accept_double_loop</Test>
			<Test>./tests/value_construction.double_check_pi</Test>
			<Test>./tests/bin_op_node.double_divide_int</Test>
			<Test>./tests/basic_node.identifier_accept_val</Test>
			<Test>./tests/value_construction.string_isError_check</Test>
			<Test>./tests/bin_op_node.double_plus_int</Test>
			<Test>./tests/value_construction.bool_type_check</Test>
			<Test>./tests/bin_op_node.double_less_than_int</Test>
			<Test>./tests/value_construction.int_type_check</Test>
			<Test>./tests/basic_node.identifier_accept_type</Test>
			<Test>./tests/value_construction.list_type_check</Test>
			<Test>./tests/value_construction.operator_isError_check</Test>
			<Test>./tests/bin_op_node.double_not_equal_to_int</Test>
			<Test>./tests/basic_node.assignment_accept</Test>
			<Test>./tests/value_construction.double_check_int</Test>
			<Test>./tests/basic_node.for_statement_accept_double_loop</Test>
			<Test>./tests/value_construction.bool_check</Test>
			<Test>./tests/bin_op_node.double_greater_than_or_equal_to_double_greater</Test>
			<Test>./tests/bin_op_node.double_minus_int</Test>
			<Test>./tests/value_construction.bool_isError_check</Test>
			<Test>./tests/value_construction.double_isError_check</Test>
			<Test>./tests/bin_op_node.double_greater_than_or_equal_to_double_equal</Test>
			<Test>./tests/value_construction.void_type_check</Test>
			<Test>./tests/basic_node.while_statement_accept</Test>
			<Test>./tests/value_construction.double_type_check</Test>
			<Test>./tests/bin_op_node.double_equal_to_int</Test>
			<Test>./tests/bin_op_node.double_multiply_int</Test>
			<Test>./tests/value_construction.string_check</Test>
			<Test>./tests/basic_node.method_accept</Test>
			<Test>./tests/bin_op_node.bool_equal_to_bool</Test>
			<Test>./tests/basic_node.operator_accept</Test>
			<Test>./tests/value_construction.identifier_isError_check</Test>
			<Test>./tests/value_construction.identifier_type_check</Test>
			<Test>./tests/value_construction.void_isError_check</Test>
			<Test>./tests/value_construction.identifier_check</Test>
			<Test>./tests/value_construction.operator_check</Test>
			<Test>./tests/value_construction.function_isError_check</Test>
			<Test>./tests/basic_node.double_accept</Test>
			<Test>./tests/basic_node.bool_accept</Test>
			<Test>./tests/value_construction.function_type_check</Test>
			<Test>./tests/value_construction.void_check</Test>
			<Test>./tests/value_construction.error_type_check</Test>
			<Test>./tests/value_construction.return_check</Test>
			<Test>./tests/basic_node.int_accept</Test>
			<Test>./tests/value_construction.return_isError_check</Test>
			<Test>./tests/value_construction.return_type_check</Test>
			<Test>./tests/value_construction.error_check</Test>
			<Test>./tests/value_construction.error_isError_check</Test>
			<Test>./tests/bin_op.creation</Test>
			<Test>./tests/Loop_Construction.counter</Test>
			<Test>./tests/bin_op_node.bool_not_equal_to_bool</Test>
			<Test>./tests/bin_op_node.string_plus_string</Test>
			<Test>./tests/bin_op_node.string_multiplied_int</Test>
			<Test>./tests/bin_op_node.string_equal_to_string</Test>
			<Test>./tests/bin_op_node.string_not_equal_to_string</Test>
			<Test>./tests/bin_op_node.list_plus_list</Test>
			<Test>./tests/bin_op_node.list_minus_list</Test>
			<Test>./tests/bin_op_node.list_multiply_list</Test>
			<Test>./tests/bin_op_node.list_divide_list</Test>
			<Test>./tests/bin_op_node.list_plus_int</Test>
			<Test>./tests/bin_op_node.list_minus_int</Test>
			<Test>./tests/bin_op_node.list_multiply_int</Test>
			<Test>./tests/bin_op_node.list_divide_int</Test>
			<Test>./tests/bin_op_node.list_plus_double</Test>
			<Test>./tests/bin_op_node.list_minus_double</Test>
			<Test>./tests/bin_op_node.list_multiply_double</Test>
			<Test>./tests/bin_op_node.list_divide_double</Test>
			<Test>./tests/bin_op_node.list_plus_string</Test>
		</TestList>
		<Test Status="failed">
			<Name>basic_node.function_declaration_accept</Name>
			<Path>./tests</Path>
			<FullName>./tests/basic_node.function_declaration_accept</FullName>
			<FullCommandLine>/home/alfred/Code/Language/new_langauge/Lokus/build/tests/tests "--gtest_filter=basic_node.function_declaration_accept" "--gtest_also_run_disabled_tests"</FullCommandLine>
			<Results>
				<NamedMeasurement type="text/string" name="Exit Code">
					<Value>Failed</Value>
				</NamedMeasurement>
				<NamedMeasurement type="text/string" name="Exit Value">
					<Value>1</Value>
				</NamedMeasurement>
				<NamedMeasurement type="numeric/double" name="Execution Time">
					<Value>0.0320113</Value>
				</NamedMeasurement>
				<NamedMeasurement type="numeric/double" name="Processors">
					<Value>1</Value>
				</NamedMeasurement>
				<NamedMeasurement type="text/string" name="Completion Status">
					<Value>Completed</Value>
				</NamedMeasurement>
				<NamedMeasurement type="text/string" name="Command Line">
					<Value>/home/alfred/Code/Language/new_langauge/Lokus/build/tests/tests "--gtest_filter=basic_node.function_declaration_accept" "--gtest_also_run_disabled_tests"</Value>
				</NamedMeasurement>
				<NamedMeasurement type="text/string" name="Environment">
					<Value>#CTEST_RESOURCE_GROUP_COUNT=</Value>
				</NamedMeasurement>
				<Measurement>
					<Value encoding="base64" compression="gzip">eJydUlFv2jAQfvevuMekIgm0ZYNIrYQ2WlVC1QRsLwhFjnMJVo2dxWeg/35OQB1MmsR2T3e+L9999+XmTmupK9hyqYMQysZsIdmYLSZclQ0WyRdTYDLjunK8wkTjPlO+4M4XM/PmbJI7qYokK7C2SWVMpZDQUmQbcVYmXdlmWTspFoK9GsIUnjsILH0HSqkIG3iAnFspMu0nx6XTgqTRnl8o3vAu50JgTWz18BFrmJ8WGQB1XO0ip9w6SRizVfQRa3hWJufq2Ee9k43RW9QeixS5+g/wOedvbWwF8++v0MX6Ws3/5m071iYtadamsajrdHA7GKXwxKVyDbIfXDkEU6YQSE03YRC8aOoeb8JWR7bjKnrMlRFv8aSTEOyklWSaHgijCQ8UhtFjhdQiHQYhmx5qFIRFCrXxnBbIAIeuC7ThBNIC/nStewbuGcBEkK9S6B+GQ353fzfkw35/BIEpgd5rhE5YD/YbKTZnnIPB7Xg8Hn3+dAkNva/wNHmZTb9e7ysEfdja8JrfdoR6AcRVyK67CkLeRIXZ68ub+9utQcN1fDnH7/Rtslgcd+p3WBtfbnpk6IGS1rsPOSqzT//HDMY81+mj5XSxZL8AwpdKhA==</Value>
				</Measurement>
			</Results>
		</Test>
		<Test Status="passed">
			<Name>basic_node.if_with_else_if_accept</Name>
			<Path>./tests</Path>
			<FullName>./tests/basic_node.if_with_else_if_accept</FullName>
			<FullCommandLine>/home/alfred/Code/Language/new_langauge/Lokus/build/tests/tests "--gtest_filter=basic_node.if_with_else_if_accept" "--gtest_also_run_disabled_tests"</FullCommandLine>
			<Results>
				<NamedMeasurement type="numeric/double" name="Execution Time">
					<Value>0.0324493</Value>
				</NamedMeasurement>
				<NamedMeasurement type="numeric/double" name="Processors">
					<Value>1</Value>
				</NamedMeasurement>
				<NamedMeasurement type="text/string" name="Completion Status">
					<Value>Completed</Value>
				</NamedMeasurement>
				<NamedMeasurement type="text/string" name="Command Line">
					<Value>/home/alfred/Code/Language/new_langauge/Lokus/build/tests/tests "--gtest_filter=basic_node.if_with_else_if_accept" "--gtest_also_run_disabled_tests"</Value>
				</NamedMeasurement>
				<NamedMeasurement type="text/string" name="Environment">
					<Value>#CTEST_RESOURCE_GROUP_COUNT=</Value>
				</NamedMeasurement>
				<Measurement>
					<Value encoding="base64" compression="gzip">eJyNkE9rwzAMxe/5FDo2h8TbddDD2EYPK91It1MIxnGU1MyRg/8sX39OUrp2MIhOeuiH9J6KQKSog14o2qTQWtMDO5kemdCtxYY9mQbZXlAXRIeMcOQ6ChGi2Juv4FgdlG4Yb3BwrDOm0+jR+cxZeSXZLKeOT5dyKZOD8fgAuxmBjziBVmmPFrZQC6ckp3g5Vy0flT9x1A55FEJKHHxSbi9VQXHOcA9+XjNlOPcuKI95UmaXqmCnTS30Mkf6VtZQjxRZ9FkY/sDXO39tJSUUnweYq1pjd0Hh7XUNDps76F26xsiCgjde6DRZl9OjsFljRrr94n/fAysov70T47w/Ho8vz1P6hc2TH0xMwRI=</Value>
				</Measurement>
			</Results>
		</Test>
		<Test Status="passed">
			<Name>bin_op_node.double_greater_than_or_equal_to_int_greater</Name>
			<Path>./tests</Path>
			<FullName>./tests/bin_op_node.double_greater_than_or_equal_to_int_greater</FullName>
			<FullCommandLine>/home/alfred/Code/Language/new_langauge/Lokus/build/tests/tests "--gtest_filter=bin_op_node.double_greater_than_or_equal_to_int_greater" "--gtest_also_run_disabled_tests"</FullCommandLine>
			<Results>
				<NamedMeasurement type="numeric/double" name="Execution Time">
					<Value>0.0328415</Value>
				</NamedMeasurement>
				<NamedMeasurement type="numeric/double" name="Processors">
					<Value>1</Value>
				</NamedMeasurement>
				<NamedMeasurement type="text/string" name="Completion Status">
					<Value>Completed</Value>
				</NamedMeasurement>
				<NamedMeasurement type="text/string" name="Command Line">
					<Value>/home/alfred/Code/Language/new_langauge/Lokus/build/tests/tests "--gtest_filter=bin_op_node.double_greater_than_or_equal_to_int_greater" "--gtest_also_run_disabled_tests"</Value>
				</NamedMeasurement>
				<NamedMeasurement type="text/string" name="Environment">
					<Value>#CTEST_RESOURCE_GROUP_COUNT=</Value>
				</NamedMeasurement>
				<Measurement>
					<Value encoding="base64" compression="gzip">eJydUMFqwkAQvecr5qiHZNtrwUNpiwfFFm1PISwbM4lLNzN2M1t/v5vEihYK4pzm8R5v5r11ILLUQGssTaZQe25B7bhFZVztsVJPXKFaGmqCaVARHrSLwIQIlvwZOlUG6yqlK9x3qmFuHAp2knZ+ewbVAPtN95ey7TZZseADzAcJvEcGausEPcygtKR5rymezioOpUPdeDSR1LIzkfMav4JxWlhbkl8yyWenKWB9THYPMpj3yY57F6xgluTpaQqYOy6NG3mkb+uZWqSoRUnD/o/43PPs2SSH9ccKhiluTzEawOvidhOY3EHbTa/6etSCsBg3Ta5rRdD4tOIDXXb+X9fgDWWXd2LKt8fN5uW5r2rUZskPxOTdvA==</Value>
				</Measurement>
			</Results>
		</Test>
		<Test Status="passed">
			<Name>basic_node.if_statement_accept</Name>
			<Path>./tests</Path>
			<FullName>./tests/basic_node.if_statement_accept</FullName>
			<FullCommandLine>/home/alfred/Code/Language/new_langauge/Lokus/build/tests/tests "--gtest_filter=basic_node.if_statement_accept" "--gtest_also_run_disabled_tests"</FullCommandLine>
			<Results>
				<NamedMeasurement type="numeric/double" name="Execution Time">
					<Value>0.03396</Value>
				</NamedMeasurement>
				<NamedMeasurement type="numeric/double" name="Processors">
					<Value>1</Value>
				</NamedMeasurement>
				<NamedMeasurement type="text/string" name="Completion Status">
					<Value>Completed</Value>
				</NamedMeasurement>
				<NamedMeasurement type="text/string" name="Command Line">
					<Value>/home/alfred/Code/Language/new_langauge/Lokus/build/tests/tests "--gtest_filter=basic_node.if_statement_accept" "--gtest_also_run_disabled_tests"</Value>
				</NamedMeasurement>
				<NamedMeasurement type="text/string" name="Environment">
					<Value>#CTEST_RESOURCE_GROUP_COUNT=</Value>
				</NamedMeasurement>
				<Measurement>
					<Value encoding="base64" compression="gzip">eJyNUMtOwzAQvOcr9tgcEsMVqQcEqIdWBaVwiipr42yChWNH9pr+PnlUpUVC7Zx2tKPZmS2itdq20KG2ixQa7zoQn64jgabxVIsnV5PYoG0jtiQsHaQZCMaBbNxXDKKK2tRC1tQH0TrXGmIKnAWvzqiY6DjJ8VKuVLJ1TA+wmiTwPmyg0YbJwxIqDFpJO1zOdSMDI1NHliUqRT0n5fKEPRTHAvfAk8dY4DiHqJnypMxO2MPKuArNvCf7rb2zozUE4iz2f8Tnnr+ZkhKKjy1M2F/NOuvgdX1VC4s76EJ6S4RZCuwYTZrc1pAJfVa7g738339/A482v7wzdHl73O1ensfeszZPfgDywr27====</Value>
				</Measurement>
			</Results>
		</Test>
		<Test Status="passed">
			<Name>bin_op_node.double_greater_than_double</Name>
			<Path>./tests</Path>
			<FullName>./tests/bin_op_node.double_greater_than_double</FullName>
			<FullCommandLine>/home/alfred/Code/Language/new_langauge/Lokus/build/tests/tests "--gtest_filter=bin_op_node.double_greater_than_double" "--gtest_also_run_disabled_tests"</FullCommandLine>
			<Results>
				<NamedMeasurement type="numeric/double" name="Execution Time">
					<Value>0.0343254</Value>
				</NamedMeasurement>
				<NamedMeasurement type="numeric/double" name="Processors">
					<Value>1</Value>
				</NamedMeasurement>
				<NamedMeasurement type="text/string" name="Completion Status">
					<Value>Completed</Value>
				</NamedMeasurement>
				<NamedMeasurement type="text/string" name="Command Line">
					<Value>/home/alfred/Code/Language/new_langauge/Lokus/build/tests/tests "--gtest_filter=bin_op_node.double_greater_than_double" "--gtest_also_run_disabled_tests"</Value>
				</NamedMeasurement>
				<NamedMeasurement type="text/string" name="Environment">
					<Value>#CTEST_RESOURCE_GROUP_COUNT=</Value>
				</NamedMeasurement>
				<Measurement>
					<Value encoding="base64" compression="gzip">eJyNUMFugzAMvfMVPpYDZLtO6mHaph5adRPdTghFAQyNFmwUkvX3F6Cq6KRJ+OSX92L7vcwTaWqhU5o2MTSWOxBn7lAo01isxQvXKA6KWq9aFIQXaQJQPoADf/tBlF6bWsga+0G0zK1Bh4NLBlstoJjg2MlxU1pV0ZEdPsFuksBnYKDRxqGFLZSaJPeSwuq0Zl8alK1FFUjpzork/Bbl21sVkF2NPIKbZo1Grv3gtcM0ypNbFbAzXCoz80g/2jJ1SEGLLvH9H/Fy5uK2KIfs6whTFauPnvXwvl/9BzYP0A3xqptmLTh2ysTROs8OlU1qvtB9ov8lCVZRer8nmPp4Pp3eXscgZm0a/QK7NsiG====</Value>
				</Measurement>
			</Results>
		</Test>
		<Test Status="passed">
			<Name>bin_op_node.double_less_than_double</Name>
			<Path>./tests</Path>
			<FullName>./tests/bin_op_node.double_less_than_double</FullName>
			<FullCommandLine>/home/alfred/Code/Language/new_langauge/Lokus/build/tests/tests "--gtest_filter=bin_op_node.double_less_than_double" "--gtest_also_run_disabled_tests"</FullCommandLine>
			<Results>
				<NamedMeasurement type="numeric/double" name="Execution Time">
					<Value>0.0345984</Value>
				</NamedMeasurement>
				<NamedMeasurement type="numeric/double" name="Processors">
					<Value>1</Value>
				</NamedMeasurement>
				<NamedMeasurement type="text/string" name="Completion Status">
					<Value>Completed</Value>
				</NamedMeasurement>
				<NamedMeasurement type="text/string" name="Command Line">
					<Value>/home/alfred/Code/Language/new_langauge/Lokus/build/tests/tests "--gtest_filter=bin_op_node.double_less_than_double" "--gtest_also_run_disabled_tests"</Value>
				</NamedMeasurement>
				<NamedMeasurement type="text/string" name="Environment">
					<Value>#CTEST_RESOURCE_GROUP_COUNT=</Value>
				</NamedMeasurement>
				<Measurement>
					<Value encoding="base64" compression="gzip">eJyNUMtqw0AMvPsrdIwP9rbXQg6lLTkkpMVpT8Ysa1t2lq4ls4/m9+tHCE6h4DlpVrOSZrJApKmFTmnaxNBY7kCcuUOhTGOxFi9cozgoaoNqURBepBmICgM58Hdwogza1ELW2DvRMrcGPTqfOFstqJjoWMlxU1pV0ZE9PsFuksDn0IFGG48WtlBqktxLGlanNYfSoDTonPRnRXJ+iPLtDQVkVxeP4KdBo4tr7YL2mEZ5ckMBO8OlMnMf6Udbpg5p0KJPQv9HvJy5OCzKIfs6woRi3cWzGN736z7A5gE6F6+6ZtaCZ69MHK1z61HZpOYL3Wf5X4ZgFaX3ewZHH8+n09vrGMGsTaNf2rXE7Q==</Value>
				</Measurement>
			</Results>
		</Test>
		<Test Status="passed">
			<Name>basic_node.variable_declaration_accept_expr</Name>
			<Path>./tests</Path>
			<FullName>./tests/basic_node.variable_declaration_accept_expr</FullName>
			<FullCommandLine>/home/alfred/Code/Language/new_langauge/Lokus/build/tests/tests "--gtest_filter=basic_node.variable_declaration_accept_expr" "--gtest_also_run_disabled_tests"</FullCommandLine>
			<Results>
				<NamedMeasurement type="numeric/double" name="Execution Time">
					<Value>0.0348526</Value>
				</NamedMeasurement>
				<NamedMeasurement type="numeric/double" name="Processors">
					<Value>1</Value>
				</NamedMeasurement>
				<NamedMeasurement type="text/string" name="Completion Status">
					<Value>Completed</Value>
				</NamedMeasurement>
				<NamedMeasurement type="text/string" name="Command Line">
					<Value>/home/alfred/Code/Language/new_langauge/Lokus/build/tests/tests "--gtest_filter=basic_node.variable_declaration_accept_expr" "--gtest_also_run_disabled_tests"</Value>
				</NamedMeasurement>
				<NamedMeasurement type="text/string" name="Environment">
					<Value>#CTEST_RESOURCE_GROUP_COUNT=</Value>
				</NamedMeasurement>
				<Measurement>
					<Value encoding="base64" compression="gzip">eJyVUMtOw0AMvOcrfGwPycIVqQcEqIdWBbVwiqLI2ThhxcYb7aPl89kkVWmRkFqfPPLYM+NtYFbcQoeKZ3NorOlAfJqOBOrGUi2eTE1ijdwGbEkwHUodAYYI1uYrOFEFpWtR1tQ70RrTavLkfOqsPINihENXDkqZlMnGeHqA5UiB9ziBRmlPFhZQoVOy5Kic7dEqrDTF+1KjRa8Mlygl9b6k794m+eJUBWyPae7BjweHNMfeBeUpS/L0VAUstalQT3PivbKGO+LIJZ+G/g/5/OavwSSH7ccGxipuMz4twevqtkWY3UHn5teYm6jgjUc9T67L7gltWpsDX372v4+CRc4udWKwt8fd7uV5+MjEzZIfLp3NjQ==</Value>
				</Measurement>
			</Results>
		</Test>
		<Test Status="passed">
			<Name>bin_op_node.double_plus_double</Name>
			<Path>./tests</Path>
			<FullName>./tests/bin_op_node.double_plus_double</FullName>
			<FullCommandLine>/home/alfred/Code/Language/new_langauge/Lokus/build/tests/tests "--gtest_filter=bin_op_node.double_plus_double" "--gtest_also_run_disabled_tests"</FullCommandLine>
			<Results>
				<NamedMeasurement type="numeric/double" name="Execution Time">
					<Value>0.0352136</Value>
				</NamedMeasurement>
				<NamedMeasurement type="numeric/double" name="Processors">
					<Value>1</Value>
				</NamedMeasurement>
				<NamedMeasurement type="text/string" name="Completion Status">
					<Value>Completed</Value>
				</NamedMeasurement>
				<NamedMeasurement type="text/string" name="Command Line">
					<Value>/home/alfred/Code/Language/new_langauge/Lokus/build/tests/tests "--gtest_filter=bin_op_node.double_plus_double" "--gtest_also_run_disabled_tests"</Value>
				</NamedMeasurement>
				<NamedMeasurement type="text/string" name="Environment">
					<Value>#CTEST_RESOURCE_GROUP_COUNT=</Value>
				</NamedMeasurement>
				<Measurement>
					<Value encoding="base64" compression="gzip">eJyNkMtOw0AMRff5Ci+bRTKwReoCAeqCqqAUVlE0mnScMGJiR/Ogv08eVZUiodYrX/nIvtdFJDLUQqcMrVJoHHcgvrhDoWzjUIsn1ii2itqoWhSER2kHoeIgtvwdvaijsVpIjb0XLXNrMaAPmXeHhRSTHDs5XsoPh2THAR9gMyHwMUygMTaggzXUhiT3kobTueZYW5S9jV7OfVKuz1VBcQpwD2HaMQY49T6agHlSZueqYGO5VnaeI/0Yx9QhDSyGLPZ/4OXOhaekhOJzB1NVV83OHLy9XmVhdQedT2/yMLMQOCibJrdlDKhcpvlIlx/873PgFOWXd4Yw74/7/cvzGHxm8+QXCdi+9g==</Value>
				</Measurement>
			</Results>
		</Test>
		<Test Status="passed">
			<Name>basic_node.if_with_else_if_with_else_accept</Name>
			<Path>./tests</Path>
			<FullName>./tests/basic_node.if_with_else_if_with_else_accept</FullName>
			<FullCommandLine>/home/alfred/Code/Language/new_langauge/Lokus/build/tests/tests "--gtest_filter=basic_node.if_with_else_if_with_else_accept" "--gtest_also_run_disabled_tests"</FullCommandLine>
			<Results>
				<NamedMeasurement type="numeric/double" name="Execution Time">
					<Value>0.0350747</Value>
				</NamedMeasurement>
				<NamedMeasurement type="numeric/double" name="Processors">
					<Value>1</Value>
				</NamedMeasurement>
				<NamedMeasurement type="text/string" name="Completion Status">
					<Value>Completed</Value>
				</NamedMeasurement>
				<NamedMeasurement type="text/string" name="Command Line">
					<Value>/home/alfred/Code/Language/new_langauge/Lokus/build/tests/tests "--gtest_filter=basic_node.if_with_else_if_with_else_accept" "--gtest_also_run_disabled_tests"</Value>
				</NamedMeasurement>
				<NamedMeasurement type="text/string" name="Environment">
					<Value>#CTEST_RESOURCE_GROUP_COUNT=</Value>
				</NamedMeasurement>
				<Measurement>
					<Value encoding="base64" compression="gzip">eJyVUMFOwzAMvfcrfFwPbeCKtAMCtAPTQB2cqipKU7eLSJMqcejvk7bT2JCQNp/85Ge/91wEY5TpoBfKrFJone2BHWyPTOjWYcOebINsK0wXRIfM4Mh1BCJEsLVfwbM6KN0w3uDgWWdtp5HQU+adPINshlPHJ6VcymRnCR9gM1PgI06gVZrQwRpq4ZXkJirnquWjogNH7ZFfACElDpSU61NVUBzT3APNB6c0x94HRZgnZXaqCjba1kIvczTfylnTo4lcpCwMf8jnN38NJiUUnzuYq7rN+LIEb6+3LcLqDnqfXmNuoQJZEjpNrstOKFzW2NFcfva/j4ITJr/UicHeH/f7l+fpIws3T34AH2rNew==</Value>
				</Measurement>
			</Results>
		</Test>
		<Test Status="passed">
			<Name>basic_node.variable_declaration_accept_null_and_reassignment</Name>
			<Path>./tests</Path>
			<FullName>./tests/basic_node.variable_declaration_accept_null_and_reassignment</FullName>
			<FullCommandLine>/home/alfred/Code/Language/new_langauge/Lokus/build/tests/tests "--gtest_filter=basic_node.variable_declaration_accept_null_and_reassignment" "--gtest_also_run_disabled_tests"</FullCommandLine>
			<Results>
				<NamedMeasurement type="numeric/double" name="Execution Time">
					<Value>0.0353876</Value>
				</NamedMeasurement>
				<NamedMeasurement type="numeric/double" name="Processors">
					<Value>1</Value>
				</NamedMeasurement>
				<NamedMeasurement type="text/string" name="Completion Status">
					<Value>Completed</Value>
				</NamedMeasurement>
				<NamedMeasurement type="text/string" name="Command Line">
					<Value>/home/alfred/Code/Language/new_langauge/Lokus/build/tests/tests "--gtest_filter=basic_node.variable_declaration_accept_null_and_reassignment" "--gtest_also_run_disabled_tests"</Value>
				</NamedMeasurement>
				<NamedMeasurement type="text/string" name="Environment">
					<Value>#CTEST_RESOURCE_GROUP_COUNT=</Value>
				</NamedMeasurement>
				<Measurement>
					<Value encoding="base64" compression="gzip">eJylUMtqAkEQvO9X9FEPu5NcAx5CEjxETNDkJDL0zvZuhsz2yEyP/n72IUYDAcE+ddFFVVetErPlBlq0PJlCHXwL6su3pNDVgSr15CtSC+QmYUOK6aBdBzB1YOG/U1Rlsq5SuqJdVI33jSOhKHkM5gyqAfab7p0KY7KlF3qA+UCBj+4CtXVCAWZQYrRGc+dc7DFYLB11+sZhQLGeNRpDO9GcnNPIlQ6EMdqGW2LJNrPTbGF1jHcPMjj08Y57TFaoyDb5abYwd75EN96J9zb4QRMiSZ52f8jnmr8fZxtYfS5hmO2NSUYVeHu9UQkmd9DG6TXvj1QQL+im2XXtCGHIK3/gy+7/6xwCcnHp0yV9f1yvX577zkZukf0A8JTihA==</Value>
				</Measurement>
			</Results>
		</Test>
		<Test Status="passed">
			<Name>bin_op_node.int_less_than_or_equal_to_int_less</Name>
			<Path>./tests</Path>
			<FullName>./tests/bin_op_node.int_less_than_or_equal_to_int_less</FullName>
			<FullCommandLine>/home/alfred/Code/Language/new_langauge/Lokus/build/tests/tests "--gtest_filter=bin_op_node.int_less_than_or_equal_to_int_less" "--gtest_also_run_disabled_tests"</FullCommandLine>
			<Results>
				<NamedMeasurement type="numeric/double" name="Execution Time">
					<Value>0.0360968</Value>
				</NamedMeasurement>
				<NamedMeasurement type="numeric/double" name="Processors">
					<Value>1</Value>
				</NamedMeasurement>
				<NamedMeasurement type="text/string" name="Completion Status">
					<Value>Completed</Value>
				</NamedMeasurement>
				<NamedMeasurement type="text/string" name="Command Line">
					<Value>/home/alfred/Code/Language/new_langauge/Lokus/build/tests/tests "--gtest_filter=bin_op_node.int_less_than_or_equal_to_int_less" "--gtest_also_run_disabled_tests"</Value>
				</NamedMeasurement>
				<NamedMeasurement type="text/string" name="Environment">
					<Value>#CTEST_RESOURCE_GROUP_COUNT=</Value>
				</NamedMeasurement>
				<Measurement>
					<Value encoding="base64" compression="gzip">eJyVUE1vwjAMvfdX+AiHNtt1EodpmziA2ATbCaEoUFOipXaXOOPvL20ZKpMmwTv52c9fbxmJLFVQG0ujMew916AOXKMybu+xVE9copobqqKpUBEetUvExETm/BmD2kbrSqVLbIKqmCuHgkHy4HcDqjraRrrdVOx22YIFH2DaSeA9VWBvnaCHCWwtaW40pdWFJdEOQ9ByMCnrNX5F47Sw/q1k68kZG1ieHroH6Wa2D53iEK1gka3zMzYwdbw1rq8jfVvPVCMlLUoemz/i4czBjdkalh8L6LC5+fi+D15nN/fC6A7qML7qxl4LwmLcOLvOA0Hj85KPdOnwf86CN1Rc7knPvT2uVi/PrTG9tsh+AF7Q0vo=</Value>
				</Measurement>
			</Results>
		</Test>
		<Test Status="passed">
			<Name>bin_op_node.double_minus_double</Name>
			<Path>./tests</Path>
			<FullName>./tests/bin_op_node.double_minus_double</FullName>
			<FullCommandLine>/home/alfred/Code/Language/new_langauge/Lokus/build/tests/tests "--gtest_filter=bin_op_node.double_minus_double" "--gtest_also_run_disabled_tests"</FullCommandLine>
			<Results>
				<NamedMeasurement type="numeric/double" name="Execution Time">
					<Value>0.0364207</Value>
				</NamedMeasurement>
				<NamedMeasurement type="numeric/double" name="Processors">
					<Value>1</Value>
				</NamedMeasurement>
				<NamedMeasurement type="text/string" name="Completion Status">
					<Value>Completed</Value>
				</NamedMeasurement>
				<NamedMeasurement type="text/string" name="Command Line">
					<Value>/home/alfred/Code/Language/new_langauge/Lokus/build/tests/tests "--gtest_filter=bin_op_node.double_minus_double" "--gtest_also_run_disabled_tests"</Value>
				</NamedMeasurement>
				<NamedMeasurement type="text/string" name="Environment">
					<Value>#CTEST_RESOURCE_GROUP_COUNT=</Value>
				</NamedMeasurement>
				<Measurement>
					<Value encoding="base64" compression="gzip">eJyNkMtOw0AMRff5Ci+bRTKwReoCAeqCqqAUVlE0mnScMGJiR/Ogv08eVZUiodYrX/nIvtdFJDLUQqcMrVJoHHcgvrhDoWzjUIsn1ii2itqoWhSER2kHoeIgtvwdvaijsVpIjb0XLXNrMaAPmXeHhRSTHDs5XsoPh2THAR9gMyHwMUygMTaggzXUhiT3kobTueZYW5SdoejlLJJyfa4KilOCewjTkjHBqffRBMyTMjtXBRvLtbLzHOnHOKYOaWAxZLH/Ay93LkwlJRSfO5iquu52BuHt9ToMqzvofHqTi5mFwEHZNLktZUDlMs1Huvzhf78Dpyi/vDOkeX/c71+ex+gzmye/mdPALg==</Value>
				</Measurement>
			</Results>
		</Test>
		<Test Status="passed">
			<Name>basic_node.for_statement_accept_positive_change</Name>
			<Path>./tests</Path>
			<FullName>./tests/basic_node.for_statement_accept_positive_change</FullName>
			<FullCommandLine>/home/alfred/Code/Language/new_langauge/Lokus/build/tests/tests "--gtest_filter=basic_node.for_statement_accept_positive_change" "--gtest_also_run_disabled_tests"</FullCommandLine>
			<Results>
				<NamedMeasurement type="numeric/double" name="Execution Time">
					<Value>0.0366818</Value>
				</NamedMeasurement>
				<NamedMeasurement type="numeric/double" name="Processors">
					<Value>1</Value>
				</NamedMeasurement>
				<NamedMeasurement type="text/string" name="Completion Status">
					<Value>Completed</Value>
				</NamedMeasurement>
				<NamedMeasurement type="text/string" name="Command Line">
					<Value>/home/alfred/Code/Language/new_langauge/Lokus/build/tests/tests "--gtest_filter=basic_node.for_statement_accept_positive_change" "--gtest_also_run_disabled_tests"</Value>
				</NamedMeasurement>
				<NamedMeasurement type="text/string" name="Environment">
					<Value>#CTEST_RESOURCE_GROUP_COUNT=</Value>
				</NamedMeasurement>
				<Measurement>
					<Value encoding="base64" compression="gzip">eJyVUE1vwjAMvfdX+EgPbbbrJA7TNnEAsalsJ4SiNHVLtDSuEgf+/vqBGEyaBD75yc9+z6+IzhnXQKuMm6VQe2pB7KlFoWztsRIvVKFYKddE1aBweJS2Byr2YEXfMYgyGlsJWWEXREPUWGQMnAWvL6AY4dDJQSnXOlkT4xMsRgp89hOojWX0MIdSBaOl65XzmrwMrBhbdCyV1tix7CgYNgeUet97wWQ7P9cOitNHj8Dj0eGjUx+iYcyTbXauHSwslcpOc3QH48kNUhCQs9j9IV/e/DWZbKH4WsNYu/vNT4vwvrx/GWYP0Ib0FpMTFZhY2TS5LQNG5bOKju464f+SBa9cfq3TP/fxvNm8vQ7JTNw8+QHSXNLo====</Value>
				</Measurement>
			</Results>
		</Test>
		<Test Status="passed">
			<Name>basic_node.variable_declaration_accept_null</Name>
			<Path>./tests</Path>
			<FullName>./tests/basic_node.variable_declaration_accept_null</FullName>
			<FullCommandLine>/home/alfred/Code/Language/new_langauge/Lokus/build/tests/tests "--gtest_filter=basic_node.variable_declaration_accept_null" "--gtest_also_run_disabled_tests"</FullCommandLine>
			<Results>
				<NamedMeasurement type="numeric/double" name="Execution Time">
					<Value>0.0369056</Value>
				</NamedMeasurement>
				<NamedMeasurement type="numeric/double" name="Processors">
					<Value>1</Value>
				</NamedMeasurement>
				<NamedMeasurement type="text/string" name="Completion Status">
					<Value>Completed</Value>
				</NamedMeasurement>
				<NamedMeasurement type="text/string" name="Command Line">
					<Value>/home/alfred/Code/Language/new_langauge/Lokus/build/tests/tests "--gtest_filter=basic_node.variable_declaration_accept_null" "--gtest_also_run_disabled_tests"</Value>
				</NamedMeasurement>
				<NamedMeasurement type="text/string" name="Environment">
					<Value>#CTEST_RESOURCE_GROUP_COUNT=</Value>
				</NamedMeasurement>
				<Measurement>
					<Value encoding="base64" compression="gzip">eJyVUMtOw0AMvOcrfGwOycIVqQcEqAeqglI4RVXkbJywYuON9tH+PpukKi0SUuuTRx57ZlwEZsUd9Kh4kUJrTQ/iy/QkULeWGvFkGhJr5C5gR4LpUOkIMESwNt/BiToo3YiqocGJzphOkyfnM2flGRQTHLtqVMqlTDbG0wOsJgp8xAm0SnuysIQanZIVR+V8j1ZhrSnelxotemW4Qilp8BUHrZNyeaodFMc09+Cng2OaY++C8pQnZXaqHay0qVHPc+K9soZ74sgln4XhD/n85q/BpITicwNT7W4zPi/B2+tti7C4g96l15ibqeCNR50m12X3hDZrzIEvP/vfR8Ei55c6Mdj743b78jx+ZObmyQ8hkM2B====</Value>
				</Measurement>
			</Results>
		</Test>
		<Test Status="passed">
			<Name>bin_op_node.double_less_than_or_equal_to_double_equal</Name>
			<Path>./tests</Path>
			<FullName>./tests/bin_op_node.double_less_than_or_equal_to_double_equal</FullName>
			<FullCommandLine>/home/alfred/Code/Language/new_langauge/Lokus/build/tests/tests "--gtest_filter=bin_op_node.double_less_than_or_equal_to_double_equal" "--gtest_also_run_disabled_tests"</FullCommandLine>
			<Results>
				<NamedMeasurement type="numeric/double" name="Execution Time">
					<Value>0.037207</Value>
				</NamedMeasurement>
				<NamedMeasurement type="numeric/double" name="Processors">
					<Value>1</Value>
				</NamedMeasurement>
				<NamedMeasurement type="text/string" name="Completion Status">
					<Value>Completed</Value>
				</NamedMeasurement>
				<NamedMeasurement type="text/string" name="Command Line">
					<Value>/home/alfred/Code/Language/new_langauge/Lokus/build/tests/tests "--gtest_filter=bin_op_node.double_less_than_or_equal_to_double_equal" "--gtest_also_run_disabled_tests"</Value>
				</NamedMeasurement>
				<NamedMeasurement type="text/string" name="Environment">
					<Value>#CTEST_RESOURCE_GROUP_COUNT=</Value>
				</NamedMeasurement>
				<Measurement>
					<Value encoding="base64" compression="gzip">eJydUMtqwzAQvPsr9pgcbLXXQg6lLTk0pMVpTyEIOVo7ovKuq0fz+5UfhKRQCNnTDjP7mCkjkaEGWmVoNofacQviwC0KZWuHWjyxRrFS1ETVoCA8SpuAigms+Ct6UUVjtZAaOy8a5sZiQB9y7/ZnUAyw72R/qdjvszUHfIDlIIGPxEBtbEAHC6gMSe4kpdOF5lhZlBa9l+GgEuEkfkdlZWA5kQPOtotT7aCcfN1DGFb3vqbeRxOwyLb5qXawtFwpO/JIP8YxtUhJiyGP3R/x+c6zV7MtlJ9rGGp3q4dxHN5eb10Bszto/fyqj0ctBA7KzrPrEgmoXK75SJd5/5czOEXF5Z3k8f1xs3l57mMatUX2C+jM2z0=</Value>
				</Measurement>
			</Results>
		</Test>
		<Test Status="passed">
			<Name>bin_op_node.int_greater_than_or_equal_to_int_equal</Name>
			<Path>./tests</Path>
			<FullName>./tests/bin_op_node.int_greater_than_or_equal_to_int_equal</FullName>
			<FullCommandLine>/home/alfred/Code/Language/new_langauge/Lokus/build/tests/tests "--gtest_filter=bin_op_node.int_greater_than_or_equal_to_int_equal" "--gtest_also_run_disabled_tests"</FullCommandLine>
			<Results>
				<NamedMeasurement type="numeric/double" name="Execution Time">
					<Value>0.0375971</Value>
				</NamedMeasurement>
				<NamedMeasurement type="numeric/double" name="Processors">
					<Value>1</Value>
				</NamedMeasurement>
				<NamedMeasurement type="text/string" name="Completion Status">
					<Value>Completed</Value>
				</NamedMeasurement>
				<NamedMeasurement type="text/string" name="Command Line">
					<Value>/home/alfred/Code/Language/new_langauge/Lokus/build/tests/tests "--gtest_filter=bin_op_node.int_greater_than_or_equal_to_int_equal" "--gtest_also_run_disabled_tests"</Value>
				</NamedMeasurement>
				<NamedMeasurement type="text/string" name="Environment">
					<Value>#CTEST_RESOURCE_GROUP_COUNT=</Value>
				</NamedMeasurement>
				<Measurement>
					<Value encoding="base64" compression="gzip">eJydUE1Lw0AQvedXzLE9JKtXoQdR6cFSpdVTCcs2maSLm5m4mbV/301SSioIpXOax3vz8d4mEFmqoTGWZnOoPDegDtygMq7yWKonLlGtDNXB1KgIj9pFYEIEK/4KndoH60qlS2w7VTPXDgU7STtfTKAaYN/p/lJWFMmaBR9gOUjgIzJQWSfoYQF7S5pbTfF0Zkl07dFERsvBRMJr/A7GaWHdkwNIdotz5bA5mboHGfb2pk59F6xgluzSc+WwdLw3buSRfqxnapCiFiUN7R/xdOfkz2QHm881DJXfZGCchbfXm+ZhdgdNN7/q11ELwmLcPLkuC0Hj05KPdJn0fwmDN5Rd3okG3x+325fnPqBRmyW/d53Xtg==</Value>
				</Measurement>
			</Results>
		</Test>
		<Test Status="passed">
			<Name>bin_op_node.double_multiply_double</Name>
			<Path>./tests</Path>
			<FullName>./tests/bin_op_node.double_multiply_double</FullName>
			<FullCommandLine>/home/alfred/Code/Language/new_langauge/Lokus/build/tests/tests "--gtest_filter=bin_op_node.double_multiply_double" "--gtest_also_run_disabled_tests"</FullCommandLine>
			<Results>
				<NamedMeasurement type="numeric/double" name="Execution Time">
					<Value>0.0381193</Value>
				</NamedMeasurement>
				<NamedMeasurement type="numeric/double" name="Processors">
					<Value>1</Value>
				</NamedMeasurement>
				<NamedMeasurement type="text/string" name="Completion Status">
					<Value>Completed</Value>
				</NamedMeasurement>
				<NamedMeasurement type="text/string" name="Command Line">
					<Value>/home/alfred/Code/Language/new_langauge/Lokus/build/tests/tests "--gtest_filter=bin_op_node.double_multiply_double" "--gtest_also_run_disabled_tests"</Value>
				</NamedMeasurement>
				<NamedMeasurement type="text/string" name="Environment">
					<Value>#CTEST_RESOURCE_GROUP_COUNT=</Value>
				</NamedMeasurement>
				<Measurement>
					<Value encoding="base64" compression="gzip">eJyNkE9rwzAMxe/5FDo2h8TbddDD2EYPLd1It1MIxomVzMyRgmOv7Nsvf0pJB4PopId+SO8pC0SGGmiVoU0MteMWxCe3KJStHWrxxBrFQVETVIOC8CztIFQYxIG/Qi/KYKwWUmPXi4a5seix90nvqoUUkxw7OV5Kqyo6sscH2E0IvA8TqI316GALpSHJnaThdKo5lBZlG6w3nf2Rs47y7bUKyC4h7sFPe8YQl74PxmMa5cm1CthZLpWd50jfxjG1SAOLPgndH3i5c+EryiH7OMJUxSrDMwuv+1U8bO6g7eNVXmYWPHtl42hdVo/KJZrPdPvJ/z4ITlF6e2cI9PZ4Or08jw+Y2TT6Bb4TxCo=</Value>
				</Measurement>
			</Results>
		</Test>
		<Test Status="passed">
			<Name>bin_op_node.int_greater_than_or_equal_to_int_greater</Name>
			<Path>./tests</Path>
			<FullName>./tests/bin_op_node.int_greater_than_or_equal_to_int_greater</FullName>
			<FullCommandLine>/home/alfred/Code/Language/new_langauge/Lokus/build/tests/tests "--gtest_filter=bin_op_node.int_greater_than_or_equal_to_int_greater" "--gtest_also_run_disabled_tests"</FullCommandLine>
			<Results>
				<NamedMeasurement type="numeric/double" name="Execution Time">
					<Value>0.0383115</Value>
				</NamedMeasurement>
				<NamedMeasurement type="numeric/double" name="Processors">
					<Value>1</Value>
				</NamedMeasurement>
				<NamedMeasurement type="text/string" name="Completion Status">
					<Value>Completed</Value>
				</NamedMeasurement>
				<NamedMeasurement type="text/string" name="Command Line">
					<Value>/home/alfred/Code/Language/new_langauge/Lokus/build/tests/tests "--gtest_filter=bin_op_node.int_greater_than_or_equal_to_int_greater" "--gtest_also_run_disabled_tests"</Value>
				</NamedMeasurement>
				<NamedMeasurement type="text/string" name="Environment">
					<Value>#CTEST_RESOURCE_GROUP_COUNT=</Value>
				</NamedMeasurement>
				<Measurement>
					<Value encoding="base64" compression="gzip">eJydUE1Lw0AQvedXzLE5JKtXoQdR6cFSpdVTCcs2maSLm5m6mbV/301SSioIpXOax3vz8d46EFlqoDWWZinUnltQe25RGVd7rNQTV6iWhppgGlSER+0iMCGCJX+FTu2CdZXSFR461TA3DgU7yTpfTqAaYN/p/lJelsmKBR9gMUjgIzJQWyfoYQ47S5oPmuLp3JLoxqOJjJa9iYTX+B2M08J6Qibb+bkKWJ9s3YMMm3tbp74LVjBPttm5Clg43hk38kg/1jO1SFGLkoXDH/F05+TTZAvrzxUMVdxoYZyGt9cbN8DsDtouverfUQvCYlyaXJeHoPFZxUe6TPu/lMEbyi/vRIvvj5vNy3Mf0qjNk182Y9os====</Value>
				</Measurement>
			</Results>
		</Test>
		<Test Status="passed">
			<Name>bin_op_node.int_plus_double</Name>
			<Path>./tests</Path>
			<FullName>./tests/bin_op_node.int_plus_double</FullName>
			<FullCommandLine>/home/alfred/Code/Language/new_langauge/Lokus/build/tests/tests "--gtest_filter=bin_op_node.int_plus_double" "--gtest_also_run_disabled_tests"</FullCommandLine>
			<Results>
				<NamedMeasurement type="numeric/double" name="Execution Time">
					<Value>0.0385477</Value>
				</NamedMeasurement>
				<NamedMeasurement type="numeric/double" name="Processors">
					<Value>1</Value>
				</NamedMeasurement>
				<NamedMeasurement type="text/string" name="Completion Status">
					<Value>Completed</Value>
				</NamedMeasurement>
				<NamedMeasurement type="text/string" name="Command Line">
					<Value>/home/alfred/Code/Language/new_langauge/Lokus/build/tests/tests "--gtest_filter=bin_op_node.int_plus_double" "--gtest_also_run_disabled_tests"</Value>
				</NamedMeasurement>
				<NamedMeasurement type="text/string" name="Environment">
					<Value>#CTEST_RESOURCE_GROUP_COUNT=</Value>
				</NamedMeasurement>
				<Measurement>
					<Value encoding="base64" compression="gzip">eJyNkMtOw0AMRff5Ci+bRTKwReoCAeqCqqAUVlE0mnScMGJiR/Ogv08eVZUiUdUrX/nI99pFJDLUQqcMrVJoHHcgvrhDoWzjUIsn1ii2itqoWhSER2kHoeIgtvwdvaijsVpIjb0XLXNrMaAPmXeHhRSTHDs5OuWHQ7LjgA+wmRD4GCbQGBvQwRpqQ5J7SYN1bijI3kYvNcfaYlKuz1VBcUp/D2FaMKY/9T6agHlSZueqYGO5VnaeI/0Yx9QhDSyGLPZ/4OXORaCkhOJzB1NV15POELy9XgdhdQedT29yn1kIHJRNk9uuC6hcpvlIl7/772fgFOWXPsMl74/7/cvzePLM5skvicm7Zg==</Value>
				</Measurement>
			</Results>
		</Test>
		<Test Status="passed">
			<Name>bin_op_node.int_divide_double</Name>
			<Path>./tests</Path>
			<FullName>./tests/bin_op_node.int_divide_double</FullName>
			<FullCommandLine>/home/alfred/Code/Language/new_langauge/Lokus/build/tests/tests "--gtest_filter=bin_op_node.int_divide_double" "--gtest_also_run_disabled_tests"</FullCommandLine>
			<Results>
				<NamedMeasurement type="numeric/double" name="Execution Time">
					<Value>0.0391431</Value>
				</NamedMeasurement>
				<NamedMeasurement type="numeric/double" name="Processors">
					<Value>1</Value>
				</NamedMeasurement>
				<NamedMeasurement type="text/string" name="Completion Status">
					<Value>Completed</Value>
				</NamedMeasurement>
				<NamedMeasurement type="text/string" name="Command Line">
					<Value>/home/alfred/Code/Language/new_langauge/Lokus/build/tests/tests "--gtest_filter=bin_op_node.int_divide_double" "--gtest_also_run_disabled_tests"</Value>
				</NamedMeasurement>
				<NamedMeasurement type="text/string" name="Environment">
					<Value>#CTEST_RESOURCE_GROUP_COUNT=</Value>
				</NamedMeasurement>
				<Measurement>
					<Value encoding="base64" compression="gzip">eJyNkE9rwzAMxe/5FDo2h8TbddDD2EYPLd1It1MIxomVzMyRgmO3X3/5U0o6GK1OeuiH9J6yQGSogVYZWsVQO25BfHOLQtnaoRYvrFHsFDVBNSgIT9IOQoVB7Pgn9KIMxmohNXa9aJgbix57n/SuWkgxybGT46W0qqI9e3yCzYTA5zCB2liPDtZQGpLcSRpOp4a81OZoNErNobQY5etLFZCd/T+Cn1aM/s99H4zHNMqTSxWwsVwqO8+RjsYxtUgDiz4J3R94uXNhKcoh+9rDVMUtrzMG79tbKKweoO3juxzMLHj2ysbRfQk9KpdoPtH1//77GzhF6fWdIcvH8+Hw9jrGntk0+gUy9L15====</Value>
				</Measurement>
			</Results>
		</Test>
		<Test Status="passed">
			<Name>bin_op_node.double_not_equal_to_double</Name>
			<Path>./tests</Path>
			<FullName>./tests/bin_op_node.double_not_equal_to_double</FullName>
			<FullCommandLine>/home/alfred/Code/Language/new_langauge/Lokus/build/tests/tests "--gtest_filter=bin_op_node.double_not_equal_to_double" "--gtest_also_run_disabled_tests"</FullCommandLine>
			<Results>
				<NamedMeasurement type="numeric/double" name="Execution Time">
					<Value>0.0396675</Value>
				</NamedMeasurement>
				<NamedMeasurement type="numeric/double" name="Processors">
					<Value>1</Value>
				</NamedMeasurement>
				<NamedMeasurement type="text/string" name="Completion Status">
					<Value>Completed</Value>
				</NamedMeasurement>
				<NamedMeasurement type="text/string" name="Command Line">
					<Value>/home/alfred/Code/Language/new_langauge/Lokus/build/tests/tests "--gtest_filter=bin_op_node.double_not_equal_to_double" "--gtest_also_run_disabled_tests"</Value>
				</NamedMeasurement>
				<NamedMeasurement type="text/string" name="Environment">
					<Value>#CTEST_RESOURCE_GROUP_COUNT=</Value>
				</NamedMeasurement>
				<Measurement>
					<Value encoding="base64" compression="gzip">eJyNUMFugzAMvfMVPpYDZLtO6mHaph5adRPdTghFAQyLFmwWkvX3F6Cq6KRJ+OQXv9jvvcwTaWqhU5o2MTSWOxCf3KFQprFYiyeuURwUtV61KAjP0gSgfAAH/vKDKL02tZA19oNomVuDDgeXDLZaQDHBsZPjpbSqoiM7fIDdRIH3MIFGG4cWtlBqktxLCqfTmn1pMPRO4rdXRjqW81uUb69VQHYxcg9u2jUaufSD1w7TKE+uVcDOcKnMPEf60ZapQwpcdInv/5CXOxfaohyyjyNMVawWPfPhdb/6D2zuoBviVZpmLjh2ysTROs8OlU1qPtNtov8lCVZRensnmHp7PJ1enscgZm4a/QIGkMjI====</Value>
				</Measurement>
			</Results>
		</Test>
		<Test Status="passed">
			<Name>bin_op_node.int_minus_double</Name>
			<Path>./tests</Path>
			<FullName>./tests/bin_op_node.int_minus_double</FullName>
			<FullCommandLine>/home/alfred/Code/Language/new_langauge/Lokus/build/tests/tests "--gtest_filter=bin_op_node.int_minus_double" "--gtest_also_run_disabled_tests"</FullCommandLine>
			<Results>
				<NamedMeasurement type="numeric/double" name="Execution Time">
					<Value>0.0398198</Value>
				</NamedMeasurement>
				<NamedMeasurement type="numeric/double" name="Processors">
					<Value>1</Value>
				</NamedMeasurement>
				<NamedMeasurement type="text/string" name="Completion Status">
					<Value>Completed</Value>
				</NamedMeasurement>
				<NamedMeasurement type="text/string" name="Command Line">
					<Value>/home/alfred/Code/Language/new_langauge/Lokus/build/tests/tests "--gtest_filter=bin_op_node.int_minus_double" "--gtest_also_run_disabled_tests"</Value>
				</NamedMeasurement>
				<NamedMeasurement type="text/string" name="Environment">
					<Value>#CTEST_RESOURCE_GROUP_COUNT=</Value>
				</NamedMeasurement>
				<Measurement>
					<Value encoding="base64" compression="gzip">eJyNkE9PwzAMxe/9FD6uhzZwRdoBAdqBaaAOTlVVpYtbIlK7yh/29UnbaeqQ0OaTn/xL3rOLQKSpg15qWqXQWu5BfHGPQprWohJPrFBsJXVBdigIj7WJQoYotvwdnGiCNkrUCgcnOubOoEfnM2cPCykmOXb16JQfDsmOPT7AZkLgI06g1cajhTU0mmoeaorWuab4RFNwteLQGEzK9bkqKE7x78FPP4zxT70L2mOelNm5KtgYbqSZ50g/2jL1SJFFn4XhD7z8c5EoKaH43MFU1ZWoMwVvr1dIWN1B79Kb/GcWPHtp0uS2/TxKmyk+0uX1/rsaWEn5pU9c5f1xv395Hpee2Tz5BQ8LvJ4=</Value>
				</Measurement>
			</Results>
		</Test>
		<Test Status="passed">
			<Name>bin_op_node.int_not_equal_to_int</Name>
			<Path>./tests</Path>
			<FullName>./tests/bin_op_node.int_not_equal_to_int</FullName>
			<FullCommandLine>/home/alfred/Code/Language/new_langauge/Lokus/build/tests/tests "--gtest_filter=bin_op_node.int_not_equal_to_int" "--gtest_also_run_disabled_tests"</FullCommandLine>
			<Results>
				<NamedMeasurement type="numeric/double" name="Execution Time">
					<Value>0.0400742</Value>
				</NamedMeasurement>
				<NamedMeasurement type="numeric/double" name="Processors">
					<Value>1</Value>
				</NamedMeasurement>
				<NamedMeasurement type="text/string" name="Completion Status">
					<Value>Completed</Value>
				</NamedMeasurement>
				<NamedMeasurement type="text/string" name="Command Line">
					<Value>/home/alfred/Code/Language/new_langauge/Lokus/build/tests/tests "--gtest_filter=bin_op_node.int_not_equal_to_int" "--gtest_also_run_disabled_tests"</Value>
				</NamedMeasurement>
				<NamedMeasurement type="text/string" name="Environment">
					<Value>#CTEST_RESOURCE_GROUP_COUNT=</Value>
				</NamedMeasurement>
				<Measurement>
					<Value encoding="base64" compression="gzip">eJyNkLFOw0AMhvc8hcd2SA5WpA4IUIdWBbUwVdHpkjjhxMUuFx99fS5JVaVISPHk3/5k+/c+EFlqoDWWFkuoPbegPrlFZVztsVJPXKHaGmqCaVARnrWLwoQotvwVOlUE6yqlKzx1qmFuHAp2kna+nEg1yD7T/aasLJMdCz7AekDgPXagtk7QwwoKS5pPmuLqzJLERDR+B+O0sI6F5Li6Rg77i4V7kGFKb+GSd8EKZskxvUYOa8eFcWMf6cd6phYpsihpOP2BpzMnVyVH2H/sYIh8xrkjCa+bGTQs7qDtlrPuGFkQFuOWyTyfgsanFZ/p9ov/fQ+8oex2T7Tz9ng4vDz35kc2S34BdnvBqA==</Value>
				</Measurement>
			</Results>
		</Test>
		<Test Status="passed">
			<Name>basic_node.return_statement_accept</Name>
			<Path>./tests</Path>
			<FullName>./tests/basic_node.return_statement_accept</FullName>
			<FullCommandLine>/home/alfred/Code/Language/new_langauge/Lokus/build/tests/tests "--gtest_filter=basic_node.return_statement_accept" "--gtest_also_run_disabled_tests"</FullCommandLine>
			<Results>
				<NamedMeasurement type="numeric/double" name="Execution Time">
					<Value>0.0405988</Value>
				</NamedMeasurement>
				<NamedMeasurement type="numeric/double" name="Processors">
					<Value>1</Value>
				</NamedMeasurement>
				<NamedMeasurement type="text/string" name="Completion Status">
					<Value>Completed</Value>
				</NamedMeasurement>
				<NamedMeasurement type="text/string" name="Command Line">
					<Value>/home/alfred/Code/Language/new_langauge/Lokus/build/tests/tests "--gtest_filter=basic_node.return_statement_accept" "--gtest_also_run_disabled_tests"</Value>
				</NamedMeasurement>
				<NamedMeasurement type="text/string" name="Environment">
					<Value>#CTEST_RESOURCE_GROUP_COUNT=</Value>
				</NamedMeasurement>
				<Measurement>
					<Value encoding="base64" compression="gzip">eJyNUMtqwzAQvPsr9hgfbLXXQg6lLTkkpMVpT8YIRV67ovLKSKvm9+tHSJNCwXPaYYfZmS0ikaEWOmVolULjXQfi03UolG081uLJ1Sh2itqoWhSEJ2kHouJAdu4rBnGMxtZC1tgH0TrXWmQMnAWvr6iY6DjJ8VKudbJ3jA+wmSTwPmygMZbRwxqOKhgtabice+ToSQZWjB0SS6U19pyU6wsqKM4l7oEnn7HEeQ7RMOZJmV1Qwca6o7LzHunbeEejNQTkLPZ/xNeev7mSEoqPPUyoFuWdtfC6XaSH1R10IV0SZZYCO1Y2TZY1ZVQ+q92Jbv/43//AK8pv7wx93h4Ph5fnsf+szZMf5LbDLg==</Value>
				</Measurement>
			</Results>
		</Test>
		<Test Status="passed">
			<Name>bin_op_node.int_multiply_double</Name>
			<Path>./tests</Path>
			<FullName>./tests/bin_op_node.int_multiply_double</FullName>
			<FullCommandLine>/home/alfred/Code/Language/new_langauge/Lokus/build/tests/tests "--gtest_filter=bin_op_node.int_multiply_double" "--gtest_also_run_disabled_tests"</FullCommandLine>
			<Results>
				<NamedMeasurement type="numeric/double" name="Execution Time">
					<Value>0.0411247</Value>
				</NamedMeasurement>
				<NamedMeasurement type="numeric/double" name="Processors">
					<Value>1</Value>
				</NamedMeasurement>
				<NamedMeasurement type="text/string" name="Completion Status">
					<Value>Completed</Value>
				</NamedMeasurement>
				<NamedMeasurement type="text/string" name="Command Line">
					<Value>/home/alfred/Code/Language/new_langauge/Lokus/build/tests/tests "--gtest_filter=bin_op_node.int_multiply_double" "--gtest_also_run_disabled_tests"</Value>
				</NamedMeasurement>
				<NamedMeasurement type="text/string" name="Environment">
					<Value>#CTEST_RESOURCE_GROUP_COUNT=</Value>
				</NamedMeasurement>
				<Measurement>
					<Value encoding="base64" compression="gzip">eJyNkE1vgzAMhu/8Ch/LAbJdJ/UwbVMPrbqJbieEUCCGRQs2Csmq/fsFqCo6aWp98is//nideSJNLXRS0yqGxnIH4pM7FNI0FpV4YoViJ6n1skVBeCxNENIHseMvP4jKa6NEqbAfRMvcGnQ4uGSw9UKKSY5ZOW5K6zras8MH2EwIvIcKNNo4tLCGSlPJfUlhdaoptHjjdG9+SsW+Mhjl63MUkJ0c3IObhowOTvngtcM0ypNzFLAxXEkz15G+tWXqkAKLLvH9H3g5c3FUlEP2sYcpiuvXziC8bq/DsLqDbohvumJmwbGTJo5uc+lQ2kTxkS5/+N/vwEpKL/cEN2+Ph8PL82h9ZtPoFxH3wJo=</Value>
				</Measurement>
			</Results>
		</Test>
		<Test Status="passed">
			<Name>bin_op_node.int_less_than_int</Name>
			<Path>./tests</Path>
			<FullName>./tests/bin_op_node.int_less_than_int</FullName>
			<FullCommandLine>/home/alfred/Code/Language/new_langauge/Lokus/build/tests/tests "--gtest_filter=bin_op_node.int_less_than_int" "--gtest_also_run_disabled_tests"</FullCommandLine>
			<Results>
				<NamedMeasurement type="numeric/double" name="Execution Time">
					<Value>0.041737</Value>
				</NamedMeasurement>
				<NamedMeasurement type="numeric/double" name="Processors">
					<Value>1</Value>
				</NamedMeasurement>
				<NamedMeasurement type="text/string" name="Completion Status">
					<Value>Completed</Value>
				</NamedMeasurement>
				<NamedMeasurement type="text/string" name="Command Line">
					<Value>/home/alfred/Code/Language/new_langauge/Lokus/build/tests/tests "--gtest_filter=bin_op_node.int_less_than_int" "--gtest_also_run_disabled_tests"</Value>
				</NamedMeasurement>
				<NamedMeasurement type="text/string" name="Environment">
					<Value>#CTEST_RESOURCE_GROUP_COUNT=</Value>
				</NamedMeasurement>
				<Measurement>
					<Value encoding="base64" compression="gzip">eJyNkE9rwzAMxe/+FDo2h8TbddDD2EYPLd1It1MIxkmU1MyRg/+sX39OUko6GK1OeuiH9J7yQKSog14qWiXQWtMDP5oeudStxYa/mAb5TlIXZIec8CR0FDJEsTPfwfEqKN1w0eDgeGdMp9Gj86mz9ULySY6dGC9ldc32xuMTbCYEPuMEWqU9WlhDpUiYQVA8nSnyQqNzwh8liahYsb5UCfnZ/yP4acXo/9y7oDxmrEgvVcJGm0rqeY70o6yhHimy6NMw/IGXOxeWWAH51x6mKm95nTF4395CYfUAvUvucjCz4I2XOmH3JfQobdqYE13/77+/gZWUXd+JWT6eD4e31zH2zGbsF41yvc0=</Value>
				</Measurement>
			</Results>
		</Test>
		<Test Status="passed">
			<Name>bin_op_node.double_greater_than_or_equal_to_int_equal</Name>
			<Path>./tests</Path>
			<FullName>./tests/bin_op_node.double_greater_than_or_equal_to_int_equal</FullName>
			<FullCommandLine>/home/alfred/Code/Language/new_langauge/Lokus/build/tests/tests "--gtest_filter=bin_op_node.double_greater_than_or_equal_to_int_equal" "--gtest_also_run_disabled_tests"</FullCommandLine>
			<Results>
				<NamedMeasurement type="numeric/double" name="Execution Time">
					<Value>0.0403527</Value>
				</NamedMeasurement>
				<NamedMeasurement type="numeric/double" name="Processors">
					<Value>1</Value>
				</NamedMeasurement>
				<NamedMeasurement type="text/string" name="Completion Status">
					<Value>Completed</Value>
				</NamedMeasurement>
				<NamedMeasurement type="text/string" name="Command Line">
					<Value>/home/alfred/Code/Language/new_langauge/Lokus/build/tests/tests "--gtest_filter=bin_op_node.double_greater_than_or_equal_to_int_equal" "--gtest_also_run_disabled_tests"</Value>
				</NamedMeasurement>
				<NamedMeasurement type="text/string" name="Environment">
					<Value>#CTEST_RESOURCE_GROUP_COUNT=</Value>
				</NamedMeasurement>
				<Measurement>
					<Value encoding="base64" compression="gzip">eJydUE1Lw0AQvedXzLE5JKtXoQdR6cFSpdVTCcsmmaSLm5m6mbV/301SSisIpXOax3vz8d46EFlqoTOWZik0njtQO+5QGdd4rNUT16iWhtpgWlSEB+0iMCGCJX+FXpXBulrpGve9aplbh4K9ZL2vzqAa4dDp4VJeVcmKBR9gMUrgIzLQWCfoYQ6lJc17TfF0XnMoHerWo4mklp2JnNf4HYzTwtqSTCDZzk9VwPro6x5kXD34OvZ9sIJ5ss1OVcDCcWncxCP9WM/UIUUtShb2f8TnO89eTbaw/lzBWMWtHqZxeHu9dQXM7qDr06s+nrQgLMalyXWJCBqf1Xygy7z/yxm8ofzyTvT4/rjZvDwPMU3aPPkF8HzbRg==</Value>
				</Measurement>
			</Results>
		</Test>
		<Test Status="passed">
			<Name>bin_op_node.int_equal_to_double</Name>
			<Path>./tests</Path>
			<FullName>./tests/bin_op_node.int_equal_to_double</FullName>
			<FullCommandLine>/home/alfred/Code/Language/new_langauge/Lokus/build/tests/tests "--gtest_filter=bin_op_node.int_equal_to_double" "--gtest_also_run_disabled_tests"</FullCommandLine>
			<Results>
				<NamedMeasurement type="numeric/double" name="Execution Time">
					<Value>0.0401948</Value>
				</NamedMeasurement>
				<NamedMeasurement type="numeric/double" name="Processors">
					<Value>1</Value>
				</NamedMeasurement>
				<NamedMeasurement type="text/string" name="Completion Status">
					<Value>Completed</Value>
				</NamedMeasurement>
				<NamedMeasurement type="text/string" name="Command Line">
					<Value>/home/alfred/Code/Language/new_langauge/Lokus/build/tests/tests "--gtest_filter=bin_op_node.int_equal_to_double" "--gtest_also_run_disabled_tests"</Value>
				</NamedMeasurement>
				<NamedMeasurement type="text/string" name="Environment">
					<Value>#CTEST_RESOURCE_GROUP_COUNT=</Value>
				</NamedMeasurement>
				<Measurement>
					<Value encoding="base64" compression="gzip">eJyNkE9PwzAMxe/9FD6uhzZwRdoBAdph00AdnKoqShu3RKR2SRP29emfaeqQ0OaTn/yT/Z6zQGSogVYZWsVQO25BfHKLQtnaoRZPrFHsFDVBNSgIj9IOQoVB7Pgr9KIMxmohNXa9aJgbix57n/SuWkgxybGT46W0qqI9e3yAzYTA+zCB2liPDtZQGpLcSRpOp4a8xO+grPQsNYfSYpSvz1VAdkpwD35aMiY49X0wHtMoT85VwMZyqew8R/oxjqlFGlj0Sej+wMudC1NRDtnHHqYqrrudQXjdXodhdQdtH9/kYmbBs1c2jm5L6VG5RPORLn/43+/AKUov7wxp3h4Ph5fnMfrMptEvlCrAKA==</Value>
				</Measurement>
			</Results>
		</Test>
		<Test Status="passed">
			<Name>bin_op_node.double_equal_to_double</Name>
			<Path>./tests</Path>
			<FullName>./tests/bin_op_node.double_equal_to_double</FullName>
			<FullCommandLine>/home/alfred/Code/Language/new_langauge/Lokus/build/tests/tests "--gtest_filter=bin_op_node.double_equal_to_double" "--gtest_also_run_disabled_tests"</FullCommandLine>
			<Results>
				<NamedMeasurement type="numeric/double" name="Execution Time">
					<Value>0.0393097</Value>
				</NamedMeasurement>
				<NamedMeasurement type="numeric/double" name="Processors">
					<Value>1</Value>
				</NamedMeasurement>
				<NamedMeasurement type="text/string" name="Completion Status">
					<Value>Completed</Value>
				</NamedMeasurement>
				<NamedMeasurement type="text/string" name="Command Line">
					<Value>/home/alfred/Code/Language/new_langauge/Lokus/build/tests/tests "--gtest_filter=bin_op_node.double_equal_to_double" "--gtest_also_run_disabled_tests"</Value>
				</NamedMeasurement>
				<NamedMeasurement type="text/string" name="Environment">
					<Value>#CTEST_RESOURCE_GROUP_COUNT=</Value>
				</NamedMeasurement>
				<Measurement>
					<Value encoding="base64" compression="gzip">eJyNkE9rwzAMxe/5FDo2h8TbddDD2EYPLd1It1MIxomVzMyRMsdev/7yp5R0MIhOeuiH9J6yQGSogVYZ2sRQO25BfHKLQtnaoRZPrFEcFDVBNSgIz9IOQoVBHPgr9KIMxmohNXa9aJgbix57n/SuWkgxybGT46W0qqIje3yA3YTA+zCB2liPDrZQGpLcSRpOp5pDaVHid1BWepazjvLttQrILiHuwU97xhCXvg/GYxrlybUK2FkulZ3nSD/GMbVIA4s+Cd0feLlz4SvKIfs4wlTFKsMzC6/7VTxs7qDt41VeZhY8e2XjaF1Wj8olms90+8n/PghOUXp7Zwj09ng6vTyPD5jZNPoFPv/DuA==</Value>
				</Measurement>
			</Results>
		</Test>
		<Test Status="passed">
			<Name>basic_node.print_statement</Name>
			<Path>./tests</Path>
			<FullName>./tests/basic_node.print_statement</FullName>
			<FullCommandLine>/home/alfred/Code/Language/new_langauge/Lokus/build/tests/tests "--gtest_filter=basic_node.print_statement" "--gtest_also_run_disabled_tests"</FullCommandLine>
			<Results>
				<NamedMeasurement type="numeric/double" name="Execution Time">
					<Value>0.0393909</Value>
				</NamedMeasurement>
				<NamedMeasurement type="numeric/double" name="Processors">
					<Value>1</Value>
				</NamedMeasurement>
				<NamedMeasurement type="text/string" name="Completion Status">
					<Value>Completed</Value>
				</NamedMeasurement>
				<NamedMeasurement type="text/string" name="Command Line">
					<Value>/home/alfred/Code/Language/new_langauge/Lokus/build/tests/tests "--gtest_filter=basic_node.print_statement" "--gtest_also_run_disabled_tests"</Value>
				</NamedMeasurement>
				<NamedMeasurement type="text/string" name="Environment">
					<Value>#CTEST_RESOURCE_GROUP_COUNT=</Value>
				</NamedMeasurement>
				<Measurement>
					<Value encoding="base64" compression="gzip">eJyNULtuwzAM3PUVHOPBVrMWyFC0RYYEaeG0k2EYsk27QmTKkKjm9+tHkCYFGoQTDzzy7pgGIk0tdErTIoLG2Q7kl+1QKtM4rOWzrVFuFbVBtSgJj4UZgAoD2NpD8LIM2tSyqLH3srW2NcjoOfauuoBygmNXjEpJVYmdZXyE9USBj2ECjTaMDlZQKq+rggblpHeauPCsGDskFtnqXDmkJ/NL4Gl/NH/qfdCMicjic+WwNrZUZp4jfWtnabwJHjkO/R/y5c1fPyKD9HMHU+U3fc4ceNvc5MHiATof3SM9U4EtKxOJ+5IxKhfX9kjXf/vvX+AUJdc6Q473p/3+9WXMO3MT8QN5wLlo====</Value>
				</Measurement>
			</Results>
		</Test>
		<Test Status="passed">
			<Name>bin_op_node.int_less_than_or_equal_to_int_equal</Name>
			<Path>./tests</Path>
			<FullName>./tests/bin_op_node.int_less_than_or_equal_to_int_equal</FullName>
			<FullCommandLine>/home/alfred/Code/Language/new_langauge/Lokus/build/tests/tests "--gtest_filter=bin_op_node.int_less_than_or_equal_to_int_equal" "--gtest_also_run_disabled_tests"</FullCommandLine>
			<Results>
				<NamedMeasurement type="numeric/double" name="Execution Time">
					<Value>0.0394828</Value>
				</NamedMeasurement>
				<NamedMeasurement type="numeric/double" name="Processors">
					<Value>1</Value>
				</NamedMeasurement>
				<NamedMeasurement type="text/string" name="Completion Status">
					<Value>Completed</Value>
				</NamedMeasurement>
				<NamedMeasurement type="text/string" name="Command Line">
					<Value>/home/alfred/Code/Language/new_langauge/Lokus/build/tests/tests "--gtest_filter=bin_op_node.int_less_than_or_equal_to_int_equal" "--gtest_also_run_disabled_tests"</Value>
				</NamedMeasurement>
				<NamedMeasurement type="text/string" name="Environment">
					<Value>#CTEST_RESOURCE_GROUP_COUNT=</Value>
				</NamedMeasurement>
				<Measurement>
					<Value encoding="base64" compression="gzip">eJyVUE1vwjAMvfdX+AiHNtt1EodpmzgMsQm2E0JRoG6Jltpd4oy/v7RFqEyaBO/kZz9/vVUkslRDYyxNplB5bkAduEFlXOWxVE9coloYqqOpUREetUvExEQW/BWD2kXrSqVLbIOqmWuHgkHy4PcjqnraRbrbVOz32ZIFH2DeS+AjVaCyTtDDDHaWNLea0urCkmiHIWg5mJT1Gr+jcVpYd5WeZJvZGVtYnT66B+mHdh+d4hCtYJFt8jO2MHe8M26oI/1Yz9QgJS1KHts/4vHM0ZHZBlafS+ixvf36oRHeXm9vhskdNGF61ZWDFoTFuGl2nQuCxuclH+nS4/+8BW+ouNyTvnt/XK9fnjtrBm2R/QITGdQd====</Value>
				</Measurement>
			</Results>
		</Test>
		<Test Status="passed">
			<Name>basic_node.expression_statement_accept</Name>
			<Path>./tests</Path>
			<FullName>./tests/basic_node.expression_statement_accept</FullName>
			<FullCommandLine>/home/alfred/Code/Language/new_langauge/Lokus/build/tests/tests "--gtest_filter=basic_node.expression_statement_accept" "--gtest_also_run_disabled_tests"</FullCommandLine>
			<Results>
				<NamedMeasurement type="numeric/double" name="Execution Time">
					<Value>0.0396761</Value>
				</NamedMeasurement>
				<NamedMeasurement type="numeric/double" name="Processors">
					<Value>1</Value>
				</NamedMeasurement>
				<NamedMeasurement type="text/string" name="Completion Status">
					<Value>Completed</Value>
				</NamedMeasurement>
				<NamedMeasurement type="text/string" name="Command Line">
					<Value>/home/alfred/Code/Language/new_langauge/Lokus/build/tests/tests "--gtest_filter=basic_node.expression_statement_accept" "--gtest_also_run_disabled_tests"</Value>
				</NamedMeasurement>
				<NamedMeasurement type="text/string" name="Environment">
					<Value>#CTEST_RESOURCE_GROUP_COUNT=</Value>
				</NamedMeasurement>
				<Measurement>
					<Value encoding="base64" compression="gzip">eJyNUE1PwzAMvfdX+Lge2sAVaQcEaAemgTo4VVWUpW6JSJ0qcRg/n35MY0NCqk9+8rPfey4ikaEWOmVolULjXQfiw3UolG081uLB1Si2itqoWhSER2kHoOIAtu4zBnGIxtZC1tgH0TrXWmQMnAWvL6CY4NjJUSnXOtk5xjvYTBR4GybQGMvoYQ0HFYyWNCjn+N17DME4koEVY4fEUmmNPSfl+lwVFKcgt8DTrTHIqQ/RMOZJmZ2rgo11B2XnOdKX8Y7G0xCQs9j/IV/e/PWWlFC872CqarHnmQ8vz4t3YHUDXUiXWJqpwI6VTZNliRmVz2p3pOt//vdH8Irya50h0+v9fv/0OP5h5ubJD6SdyD4=</Value>
				</Measurement>
			</Results>
		</Test>
		<Test Status="passed">
			<Name>basic_node.block_with_return_accept</Name>
			<Path>./tests</Path>
			<FullName>./tests/basic_node.block_with_return_accept</FullName>
			<FullCommandLine>/home/alfred/Code/Language/new_langauge/Lokus/build/tests/tests "--gtest_filter=basic_node.block_with_return_accept" "--gtest_also_run_disabled_tests"</FullCommandLine>
			<Results>
				<NamedMeasurement type="numeric/double" name="Execution Time">
					<Value>0.0399749</Value>
				</NamedMeasurement>
				<NamedMeasurement type="numeric/double" name="Processors">
					<Value>1</Value>
				</NamedMeasurement>
				<NamedMeasurement type="text/string" name="Completion Status">
					<Value>Completed</Value>
				</NamedMeasurement>
				<NamedMeasurement type="text/string" name="Command Line">
					<Value>/home/alfred/Code/Language/new_langauge/Lokus/build/tests/tests "--gtest_filter=basic_node.block_with_return_accept" "--gtest_also_run_disabled_tests"</Value>
				</NamedMeasurement>
				<NamedMeasurement type="text/string" name="Environment">
					<Value>#CTEST_RESOURCE_GROUP_COUNT=</Value>
				</NamedMeasurement>
				<Measurement>
					<Value encoding="base64" compression="gzip">eJyNUMtuwjAQvOcr9giHxO21EoeqrTiAaAXtCSHLcTbBwlkje938fp0EUahUKXPa0c4+ZraRyFADrTI0m0PtXQvi6FoUytYeK/HiKhRrRU1UDQrCTtpEVExk7U4xiDIaWwlZ4TmIxrnGImPgPHh9Q8VA+0r2lwqts41jfILlIIHP1IHaWEYPCyhVMFpSulyU1umT7AwfpUeOnqTSGs+c7RdXHGB7cfEIPCzqXVzqEA1jke3zKw6wtK5UduwjfRvvqEVKWuQ8nv+Ib3f+PpbtYfu1gQGHaQ+PYnhfTRuA2QO0YT7lmVEK7FjZeTbNK6PyeeU6uk/yvwTBKyru7yRDH8+73dtrn8CoLbIfL5zEIQ==</Value>
				</Measurement>
			</Results>
		</Test>
		<Test Status="passed">
			<Name>bin_op_node.int_greater_than_or_equal_to_double_greater</Name>
			<Path>./tests</Path>
			<FullName>./tests/bin_op_node.int_greater_than_or_equal_to_double_greater</FullName>
			<FullCommandLine>/home/alfred/Code/Language/new_langauge/Lokus/build/tests/tests "--gtest_filter=bin_op_node.int_greater_than_or_equal_to_double_greater" "--gtest_also_run_disabled_tests"</FullCommandLine>
			<Results>
				<NamedMeasurement type="numeric/double" name="Execution Time">
					<Value>0.040302</Value>
				</NamedMeasurement>
				<NamedMeasurement type="numeric/double" name="Processors">
					<Value>1</Value>
				</NamedMeasurement>
				<NamedMeasurement type="text/string" name="Completion Status">
					<Value>Completed</Value>
				</NamedMeasurement>
				<NamedMeasurement type="text/string" name="Command Line">
					<Value>/home/alfred/Code/Language/new_langauge/Lokus/build/tests/tests "--gtest_filter=bin_op_node.int_greater_than_or_equal_to_double_greater" "--gtest_also_run_disabled_tests"</Value>
				</NamedMeasurement>
				<NamedMeasurement type="text/string" name="Environment">
					<Value>#CTEST_RESOURCE_GROUP_COUNT=</Value>
				</NamedMeasurement>
				<Measurement>
					<Value encoding="base64" compression="gzip">eJydUMFqwkAQvecr5qiHZNtrwUNpiwfFFm1PISwbM4lLNzN2M1t/v5vEihYK4pzm8R5v5r11ILLUQGssTaZQe25B7bhFZVztsVJPXKFaGmqCaVARHrSLwIQIlvwZOlUG6yqlK9x3qmFuHAp2knZ+ewbVAPtN95ey7TZZseADzAcJvEcGausEPcygtKR5rymeziyJbjyayGjZmUh4jV/BOC2sKw6lw18+yWenKWB9THYPMpj3yY57F6xgluTpaQqYOy6NG3mkb+uZWqSoRUnD/o/43PPs2SSH9ccKhiluTzEawOvidhOY3EHbTa/6etSCsBg3Ta5rRdD4tOIDXXb+X9fgDWWXd2LKt8fN5uW5r2rUZskPyTrdvA==</Value>
				</Measurement>
			</Results>
		</Test>
		<Test Status="passed">
			<Name>bin_op_node.int_less_than_double</Name>
			<Path>./tests</Path>
			<FullName>./tests/bin_op_node.int_less_than_double</FullName>
			<FullCommandLine>/home/alfred/Code/Language/new_langauge/Lokus/build/tests/tests "--gtest_filter=bin_op_node.int_less_than_double" "--gtest_also_run_disabled_tests"</FullCommandLine>
			<Results>
				<NamedMeasurement type="numeric/double" name="Execution Time">
					<Value>0.0407184</Value>
				</NamedMeasurement>
				<NamedMeasurement type="numeric/double" name="Processors">
					<Value>1</Value>
				</NamedMeasurement>
				<NamedMeasurement type="text/string" name="Completion Status">
					<Value>Completed</Value>
				</NamedMeasurement>
				<NamedMeasurement type="text/string" name="Command Line">
					<Value>/home/alfred/Code/Language/new_langauge/Lokus/build/tests/tests "--gtest_filter=bin_op_node.int_less_than_double" "--gtest_also_run_disabled_tests"</Value>
				</NamedMeasurement>
				<NamedMeasurement type="text/string" name="Environment">
					<Value>#CTEST_RESOURCE_GROUP_COUNT=</Value>
				</NamedMeasurement>
				<Measurement>
					<Value encoding="base64" compression="gzip">eJyNkMtqw0AMRff+Ci3jhT3ttpBFaUsWCWlx2pUxw9iWnaFjycyj+f36EYJTKFgrXXSQ7lUWiDS10ClNmxgayx2IM3colGks1uKFaxQHRW1QLQrCizSDUGEQB/4OTpRBm1rIGnsnWubWoEfnE2erhRSTHDs5XkqrKjqyxyfYTQh8DhNotPFoYQulJsm9pOF0qslLg85Jf1Ykaw6lwSjf3qqA7BrhEfy0ZYxw7V3QHtMoT25VwM5wqcw8R/rRlqlDGlj0Sej/wMudC1dRDtnXEaYqVtidSXjfr6Bh8wCdi1f5mFnw7JWJo3U5PSqb1Hyh+y/+9z2witL7O0Ocj+fT6e11DD+zafQLJTDBXQ==</Value>
				</Measurement>
			</Results>
		</Test>
		<Test Status="passed">
			<Name>bin_op_node.int_divide_int</Name>
			<Path>./tests</Path>
			<FullName>./tests/bin_op_node.int_divide_int</FullName>
			<FullCommandLine>/home/alfred/Code/Language/new_langauge/Lokus/build/tests/tests "--gtest_filter=bin_op_node.int_divide_int" "--gtest_also_run_disabled_tests"</FullCommandLine>
			<Results>
				<NamedMeasurement type="numeric/double" name="Execution Time">
					<Value>0.0407252</Value>
				</NamedMeasurement>
				<NamedMeasurement type="numeric/double" name="Processors">
					<Value>1</Value>
				</NamedMeasurement>
				<NamedMeasurement type="text/string" name="Completion Status">
					<Value>Completed</Value>
				</NamedMeasurement>
				<NamedMeasurement type="text/string" name="Command Line">
					<Value>/home/alfred/Code/Language/new_langauge/Lokus/build/tests/tests "--gtest_filter=bin_op_node.int_divide_int" "--gtest_also_run_disabled_tests"</Value>
				</NamedMeasurement>
				<NamedMeasurement type="text/string" name="Environment">
					<Value>#CTEST_RESOURCE_GROUP_COUNT=</Value>
				</NamedMeasurement>
				<Measurement>
					<Value encoding="base64" compression="gzip">eJyNkE9rwzAMxe/5FDo2h8TbddDD2EYPLd1It1MIxomVzMyRg/+0X39OUko6WKlOeuhnvycVgUhRB71QtEqhtaYH9m16ZEK3FiV7MRLZTlAXRIeM8MR1FCJEsTM/wbE6KC0Zlzg41hnTafTofOZss5BskmPHR6e8aZK98fgEmwmBzziBVmmPFtZQK+Jm4BStc0WeS3VUEnlsk3J9qQqKc/hH8NP7Mfy5d0F5zJMyu1QFG21qoec50lFZQz1SZNFnYfgDL/9c5ElKKL72MFV1M+jMwPv2JgerB+hdepf3zII3Xug0uW83j8Jm0pzo+nL/XQysoPzaJy7y8Xw4vL2OC89snvwCvT656Q==</Value>
				</Measurement>
			</Results>
		</Test>
		<Test Status="passed">
			<Name>bin_op_node.int_equal_to_int</Name>
			<Path>./tests</Path>
			<FullName>./tests/bin_op_node.int_equal_to_int</FullName>
			<FullCommandLine>/home/alfred/Code/Language/new_langauge/Lokus/build/tests/tests "--gtest_filter=bin_op_node.int_equal_to_int" "--gtest_also_run_disabled_tests"</FullCommandLine>
			<Results>
				<NamedMeasurement type="numeric/double" name="Execution Time">
					<Value>0.0404493</Value>
				</NamedMeasurement>
				<NamedMeasurement type="numeric/double" name="Processors">
					<Value>1</Value>
				</NamedMeasurement>
				<NamedMeasurement type="text/string" name="Completion Status">
					<Value>Completed</Value>
				</NamedMeasurement>
				<NamedMeasurement type="text/string" name="Command Line">
					<Value>/home/alfred/Code/Language/new_langauge/Lokus/build/tests/tests "--gtest_filter=bin_op_node.int_equal_to_int" "--gtest_also_run_disabled_tests"</Value>
				</NamedMeasurement>
				<NamedMeasurement type="text/string" name="Environment">
					<Value>#CTEST_RESOURCE_GROUP_COUNT=</Value>
				</NamedMeasurement>
				<Measurement>
					<Value encoding="base64" compression="gzip">eJyNkEFvgzAMhe/8Ch/LAbJdJ/UwbVMPrbqJbieEogCGRQs2C8n69xegquikqfXJT/7k9+zME2lqoVOaVjE0ljsQn9yhUKaxWIsnrlHsFLVetSgIj9IEoXwQO/7ygyi9NrWQNfaDaJlbgw4Hlwy2WkgxybGTo1NaVdGeHT7AZkLgPUyg0cahhTWUmiT3koJ1qslJ/PbKSMcyiChfn6uA7BT/Hty0YYx/6gevHaZRnpyrgI3hUpl5jvSjLVOHFFh0ie//wMudi0RRDtnHHqYqrkSdKXjdXiFhdQfdEN/kP7Pg2CkTR7fd51DZpOYjXX7vv6+BVZRe+oRT3h4Ph5fn8eiZTaNfB0m8mA==</Value>
				</Measurement>
			</Results>
		</Test>
		<Test Status="passed">
			<Name>bin_op_node.double_divide_double</Name>
			<Path>./tests</Path>
			<FullName>./tests/bin_op_node.double_divide_double</FullName>
			<FullCommandLine>/home/alfred/Code/Language/new_langauge/Lokus/build/tests/tests "--gtest_filter=bin_op_node.double_divide_double" "--gtest_also_run_disabled_tests"</FullCommandLine>
			<Results>
				<NamedMeasurement type="numeric/double" name="Execution Time">
					<Value>0.0402539</Value>
				</NamedMeasurement>
				<NamedMeasurement type="numeric/double" name="Processors">
					<Value>1</Value>
				</NamedMeasurement>
				<NamedMeasurement type="text/string" name="Completion Status">
					<Value>Completed</Value>
				</NamedMeasurement>
				<NamedMeasurement type="text/string" name="Command Line">
					<Value>/home/alfred/Code/Language/new_langauge/Lokus/build/tests/tests "--gtest_filter=bin_op_node.double_divide_double" "--gtest_also_run_disabled_tests"</Value>
				</NamedMeasurement>
				<NamedMeasurement type="text/string" name="Environment">
					<Value>#CTEST_RESOURCE_GROUP_COUNT=</Value>
				</NamedMeasurement>
				<Measurement>
					<Value encoding="base64" compression="gzip">eJyNkMFugzAMhu88hY/lANmuk3qYtqmHVt1EtxNCKBDDogUbhaR9/QWoKjppEr7Yv/zJ9u/ME2lqoZOaNjE0ljsQ39yhkKaxqMQLKxQHSa2XLQrCS2mCkD6IA//4QVReGyVKhf0gWubWoMPBJYOtF1JMcqzKcVNa19GRHT7BbkLgM3Sg0cahhS1UmkruSwqrU8W+MlgqfdYqpElF+fYWBWRXC4/gpimjhWs9eO0wjfLkFgXsDFfSzH2ks7ZMHVJg0SW+/wMvZy6uinLIvo4wRbHi3JmE9/0KGjYP0A3xqjtmFhw7aeJonU+H0iaKL3T/xf++B1ZSer8n2Pl4Pp3eXkfzM5tGv8dtwQk=</Value>
				</Measurement>
			</Results>
		</Test>
		<Test Status="passed">
			<Name>bin_op_node.int_less_than_or_equal_to_double_less</Name>
			<Path>./tests</Path>
			<FullName>./tests/bin_op_node.int_less_than_or_equal_to_double_less</FullName>
			<FullCommandLine>/home/alfred/Code/Language/new_langauge/Lokus/build/tests/tests "--gtest_filter=bin_op_node.int_less_than_or_equal_to_double_less" "--gtest_also_run_disabled_tests"</FullCommandLine>
			<Results>
				<NamedMeasurement type="numeric/double" name="Execution Time">
					<Value>0.0403382</Value>
				</NamedMeasurement>
				<NamedMeasurement type="numeric/double" name="Processors">
					<Value>1</Value>
				</NamedMeasurement>
				<NamedMeasurement type="text/string" name="Completion Status">
					<Value>Completed</Value>
				</NamedMeasurement>
				<NamedMeasurement type="text/string" name="Command Line">
					<Value>/home/alfred/Code/Language/new_langauge/Lokus/build/tests/tests "--gtest_filter=bin_op_node.int_less_than_or_equal_to_double_less" "--gtest_also_run_disabled_tests"</Value>
				</NamedMeasurement>
				<NamedMeasurement type="text/string" name="Environment">
					<Value>#CTEST_RESOURCE_GROUP_COUNT=</Value>
				</NamedMeasurement>
				<Measurement>
					<Value encoding="base64" compression="gzip">eJydUE1vwjAMvfdX+AiHNtt1EodpmzgMsQm2E0JRSk2Jltpd4oy/v7RFqEyahHgnP/v5660ikaUaGmNpMoW95wbUgRtUxu09VuqJK1QLQ3U0NSrCo3aJmJjIgr9iUGW0rlK6wjaomrl2KBgkD343oqqnXaS7TcVuly1Z8AHmvQQ+UgX21gl6mEFpSXOrKa0uLIl2GIKWg0lZr/E7GqeFdcWxdNgXs83sjC2sTj/dg/Rju59OcYhWsMg2+RlbmDsujRvqSD/WMzVISYuSx/aPeDxzdGa2gdXnEnpsb7l/aIW311vaYXIHTZhedemgBWExbppd54Sg8XnFR7r0+T9/wRsqLvek/94f1+uX586eQVtkv7E21oo=</Value>
				</Measurement>
			</Results>
		</Test>
		<Test Status="passed">
			<Name>bin_op_node.int_not_equal_to_double</Name>
			<Path>./tests</Path>
			<FullName>./tests/bin_op_node.int_not_equal_to_double</FullName>
			<FullCommandLine>/home/alfred/Code/Language/new_langauge/Lokus/build/tests/tests "--gtest_filter=bin_op_node.int_not_equal_to_double" "--gtest_also_run_disabled_tests"</FullCommandLine>
			<Results>
				<NamedMeasurement type="numeric/double" name="Execution Time">
					<Value>0.0404055</Value>
				</NamedMeasurement>
				<NamedMeasurement type="numeric/double" name="Processors">
					<Value>1</Value>
				</NamedMeasurement>
				<NamedMeasurement type="text/string" name="Completion Status">
					<Value>Completed</Value>
				</NamedMeasurement>
				<NamedMeasurement type="text/string" name="Command Line">
					<Value>/home/alfred/Code/Language/new_langauge/Lokus/build/tests/tests "--gtest_filter=bin_op_node.int_not_equal_to_double" "--gtest_also_run_disabled_tests"</Value>
				</NamedMeasurement>
				<NamedMeasurement type="text/string" name="Environment">
					<Value>#CTEST_RESOURCE_GROUP_COUNT=</Value>
				</NamedMeasurement>
				<Measurement>
					<Value encoding="base64" compression="gzip">eJyNULFOw0AM3fMVHpshOViROiBAHVoV1MJUVadL4oQTF7tcfPT3uSRVlSIhxZOf/Oz3nneByFIDrbG0SKH23IL65BaVcbXHSj1xhWpjqAmmQUV41i4CEyLY8FfoVBGsq5Su8NSphrlxKNhJ1vlyAtUA+073SnlZJlsWfIDVQIH3OIHaOkEPSygsaT5pitK5JYmNaPwOxmlhXXEoHCaH5bWOsLukuAcZDvUpLn0XrGCeHLJrHWHluDBunCP9WM/UIkUuShZOf8jTmxNjyQF2H1sY6jjP8UiG1/W8BVjcQduls9yMXBAW49JkXlpB47OKz3T7y/9+CN5QfqsTE7097vcvz/0LRm6e/AIwC8U4====</Value>
				</Measurement>
			</Results>
		</Test>
		<Test Status="passed">
			<Name>bin_op_node.int_minus_int</Name>
			<Path>./tests</Path>
			<FullName>./tests/bin_op_node.int_minus_int</FullName>
			<FullCommandLine>/home/alfred/Code/Language/new_langauge/Lokus/build/tests/tests "--gtest_filter=bin_op_node.int_minus_int" "--gtest_also_run_disabled_tests"</FullCommandLine>
			<Results>
				<NamedMeasurement type="numeric/double" name="Execution Time">
					<Value>0.0403432</Value>
				</NamedMeasurement>
				<NamedMeasurement type="numeric/double" name="Processors">
					<Value>1</Value>
				</NamedMeasurement>
				<NamedMeasurement type="text/string" name="Completion Status">
					<Value>Completed</Value>
				</NamedMeasurement>
				<NamedMeasurement type="text/string" name="Command Line">
					<Value>/home/alfred/Code/Language/new_langauge/Lokus/build/tests/tests "--gtest_filter=bin_op_node.int_minus_int" "--gtest_also_run_disabled_tests"</Value>
				</NamedMeasurement>
				<NamedMeasurement type="text/string" name="Environment">
					<Value>#CTEST_RESOURCE_GROUP_COUNT=</Value>
				</NamedMeasurement>
				<Measurement>
					<Value encoding="base64" compression="gzip">eJyNkE9PwzAMxe/9FD6uhzZwRdoBAdqBaaAOTlUVpatbIlK7yh/29UnbaeqQmOaTn/xL3rOLQKSpg15pWqXQWu5BfHGPQpnWYiOeuEGxVdQF1aEgPEoThQpRbPk7OFEHbRohGxyc6Jg7gx6dz5w9LKSY5NjJ0Sk/HJIde3yAzYTAR5xAq41HC2uoNUkeJEXrXFN8oik4GbukXJ+rguKU/R789HzMfupd0B7zpMzOVcHGcK3MPEf60ZapR4os+iwMf+Dln4s4SQnF5w6mqq7lnBF4e72GweoOepfe5Dyz4Nkrkya3beZR2azhI13e7b97gVWUX/rEPd4f9/uX53Hdmc2TX6IHuQ4=</Value>
				</Measurement>
			</Results>
		</Test>
		<Test Status="passed">
			<Name>bin_op_node.int_less_than_or_equal_to_double_equal</Name>
			<Path>./tests</Path>
			<FullName>./tests/bin_op_node.int_less_than_or_equal_to_double_equal</FullName>
			<FullCommandLine>/home/alfred/Code/Language/new_langauge/Lokus/build/tests/tests "--gtest_filter=bin_op_node.int_less_than_or_equal_to_double_equal" "--gtest_also_run_disabled_tests"</FullCommandLine>
			<Results>
				<NamedMeasurement type="numeric/double" name="Execution Time">
					<Value>0.040368</Value>
				</NamedMeasurement>
				<NamedMeasurement type="numeric/double" name="Processors">
					<Value>1</Value>
				</NamedMeasurement>
				<NamedMeasurement type="text/string" name="Completion Status">
					<Value>Completed</Value>
				</NamedMeasurement>
				<NamedMeasurement type="text/string" name="Command Line">
					<Value>/home/alfred/Code/Language/new_langauge/Lokus/build/tests/tests "--gtest_filter=bin_op_node.int_less_than_or_equal_to_double_equal" "--gtest_also_run_disabled_tests"</Value>
				</NamedMeasurement>
				<NamedMeasurement type="text/string" name="Environment">
					<Value>#CTEST_RESOURCE_GROUP_COUNT=</Value>
				</NamedMeasurement>
				<Measurement>
					<Value encoding="base64" compression="gzip">eJydUE1vwjAMvfdX+AiHNtt1EodpmzgMsQm2E0JRSk2Jltpd4oy/v7RFqEyahPDJz37+eG8ViSzV0BhLkynsPTegDtygMm7vsVJPXKFaGKqjqVERHrVLwMQEFvwVgyqjdZXSFbZB1cy1Q8EgefC7EVQ97DLdXSp2u2zJgg8w7ynwkTqwt07QwwxKS5pbTel0YUm0wxC0HEyqeo3f0TgtrCuOpcMBZ5vZObawOom6B+n3dqJOeYhWsMg2+Tm2MHdcGjf0kX6sZ2qQEhclj+0f8njn6M9sA6vPJfSxvUnAMAtvrzfNw+QOmjC96teBC8Ji3DS7zgtB4/OKj3Tp9H8OgzdUXN5JAt8f1+uX586ggVtkv3AI160=</Value>
				</Measurement>
			</Results>
		</Test>
		<Test Status="passed">
			<Name>bin_op_node.int_greater_than_double</Name>
			<Path>./tests</Path>
			<FullName>./tests/bin_op_node.int_greater_than_double</FullName>
			<FullCommandLine>/home/alfred/Code/Language/new_langauge/Lokus/build/tests/tests "--gtest_filter=bin_op_node.int_greater_than_double" "--gtest_also_run_disabled_tests"</FullCommandLine>
			<Results>
				<NamedMeasurement type="numeric/double" name="Execution Time">
					<Value>0.0400582</Value>
				</NamedMeasurement>
				<NamedMeasurement type="numeric/double" name="Processors">
					<Value>1</Value>
				</NamedMeasurement>
				<NamedMeasurement type="text/string" name="Completion Status">
					<Value>Completed</Value>
				</NamedMeasurement>
				<NamedMeasurement type="text/string" name="Command Line">
					<Value>/home/alfred/Code/Language/new_langauge/Lokus/build/tests/tests "--gtest_filter=bin_op_node.int_greater_than_double" "--gtest_also_run_disabled_tests"</Value>
				</NamedMeasurement>
				<NamedMeasurement type="text/string" name="Environment">
					<Value>#CTEST_RESOURCE_GROUP_COUNT=</Value>
				</NamedMeasurement>
				<Measurement>
					<Value encoding="base64" compression="gzip">eJyNUMFugzAMvfMVPpYDZLtO6mHaph5adRPdTghFAQyNFmwUkvX3F6Cq6KRJ+OQnP/u958wTaWqhU5o2MTSWOxBn7lAo01isxQvXKA6KWq9aFIQXaQJQPoADf/tBlF6bWsga+0G0zK1Bh4NLBlstoJjg2MlRKa2q6MgOn2A3UeAzTKDRxqGFLZSaJPeSgnSqycnWogoT6c6KZM2+NBjl21sVkF1TPIKbDo0prv3gtcM0ypNbFbAzXCozz5F+tGXqkAIXXeL7P+TlzYWxKIfs6whTFescz2R4369bgM0DdEO8ys3MBcdOmThal9ahsknNF7r/5X8/BKsovdcJiT6eT6e31/EFMzeNfgHld8T2====</Value>
				</Measurement>
			</Results>
		</Test>
		<Test Status="passed">
			<Name>bin_op_node.int_greater_than_int</Name>
			<Path>./tests</Path>
			<FullName>./tests/bin_op_node.int_greater_than_int</FullName>
			<FullCommandLine>/home/alfred/Code/Language/new_langauge/Lokus/build/tests/tests "--gtest_filter=bin_op_node.int_greater_than_int" "--gtest_also_run_disabled_tests"</FullCommandLine>
			<Results>
				<NamedMeasurement type="numeric/double" name="Execution Time">
					<Value>0.0403686</Value>
				</NamedMeasurement>
				<NamedMeasurement type="numeric/double" name="Processors">
					<Value>1</Value>
				</NamedMeasurement>
				<NamedMeasurement type="text/string" name="Completion Status">
					<Value>Completed</Value>
				</NamedMeasurement>
				<NamedMeasurement type="text/string" name="Command Line">
					<Value>/home/alfred/Code/Language/new_langauge/Lokus/build/tests/tests "--gtest_filter=bin_op_node.int_greater_than_int" "--gtest_also_run_disabled_tests"</Value>
				</NamedMeasurement>
				<NamedMeasurement type="text/string" name="Environment">
					<Value>#CTEST_RESOURCE_GROUP_COUNT=</Value>
				</NamedMeasurement>
				<Measurement>
					<Value encoding="base64" compression="gzip">eJyNkMFugzAMhu95Ch/LAbJdJ/UwbVMPrbqJbieEogAmjRYcFJL19RegquikSfjk3/5k+3ceiDQp6KSmTQKtsx3ws+2QS9M6bPiLbZAfJKkgFXLCizBRyBDFwX6HgVdBm4aLBvuBK2uVQY+DTwdXLySf5JiJcVNW1+xoPT7BbkLgM3ag1cajgy1UmoTtBcXVmSYvlEMZO8KfJYlYYMX2FiXkVwuP4Kcpo4VrPgTtMWNFeosSdsZW0sx9pB/tLHVIkUWfhv4PvJy5uIoVkH8dYYpyxbkzCe/7FTRsHqAbklV3zCx466VJ2DqfHqVLG3uh+y/+9z1wkrL7PdHOx/Pp9PY6mp/ZjP0CLYLBZg==</Value>
				</Measurement>
			</Results>
		</Test>
		<Test Status="passed">
			<Name>bin_op_node.int_multiply_int</Name>
			<Path>./tests</Path>
			<FullName>./tests/bin_op_node.int_multiply_int</FullName>
[...]
				<NamedMeasurement type="numeric/double" name="Processors">
					<Value>1</Value>
				</NamedMeasurement>
				<NamedMeasurement type="text/string" name="Completion Status">
					<Value>Completed</Value>
				</NamedMeasurement>
				<NamedMeasurement type="text/string" name="Command Line">
					<Value>/home/alfred/Code/Language/new_langauge/Lokus/build/tests/tests "--gtest_filter=bin_op_node.list_plus_list" "--gtest_also_run_disabled_tests"</Value>
				</NamedMeasurement>
				<NamedMeasurement type="text/string" name="Environment">
					<Value>#CTEST_RESOURCE_GROUP_COUNT=</Value>
				</NamedMeasurement>
				<Measurement>
					<Value encoding="base64" compression="gzip">eJyNkE9PwzAMxe/9FD6uhzZwRdoBAdqBaaAOTlUVpatbIlK7yh/29UnbaeqQmOaTn/xL3rOLQKSpg15pWqXQWu5BfHGPQpnWYiOeuEGxVdQF1aEgPEoThQpRbPk7OFEHbRohGxyc6Jg7gx6dz5w9LKSY5NjJ0Sk/HJIde3yAzYTAR5xAq41HC2uoNUkeJEXr3Oj4ZjDBybFLyvW5KihO4e/BT+/H8KfeBe0xT8rsXBVsDNfKzHOkH22ZeqTIos/C8Ade/rnIk5RQfO5gqupq0JmBt9erHKzuoHfpTd4zC569Mmly224elc0aPtLl5f67GFhF+aVPXOT9cb9/eR4Xntk8+QVZ+Lp8====</Value>
				</Measurement>
			</Results>
		</Test>
		<Test Status="passed">
			<Name>bin_op_node.list_minus_list</Name>
			<Path>./tests</Path>
			<FullName>./tests/bin_op_node.list_minus_list</FullName>
			<FullCommandLine>/home/alfred/Code/Language/new_langauge/Lokus/build/tests/tests "--gtest_filter=bin_op_node.list_minus_list" "--gtest_also_run_disabled_tests"</FullCommandLine>
			<Results>
				<NamedMeasurement type="numeric/double" name="Execution Time">
					<Value>0.0207265</Value>
				</NamedMeasurement>
				<NamedMeasurement type="numeric/double" name="Processors">
					<Value>1</Value>
				</NamedMeasurement>
				<NamedMeasurement type="text/string" name="Completion Status">
					<Value>Completed</Value>
				</NamedMeasurement>
				<NamedMeasurement type="text/string" name="Command Line">
					<Value>/home/alfred/Code/Language/new_langauge/Lokus/build/tests/tests "--gtest_filter=bin_op_node.list_minus_list" "--gtest_also_run_disabled_tests"</Value>
				</NamedMeasurement>
				<NamedMeasurement type="text/string" name="Environment">
					<Value>#CTEST_RESOURCE_GROUP_COUNT=</Value>
				</NamedMeasurement>
				<Measurement>
					<Value encoding="base64" compression="gzip">eJyNkE9PwzAMxe/5FD6uhzZwRdoBAdqBaaAOTlUVpatbIlKnyh/29UnaaeqQmOaTn/xL3rPLQKSoh0EqWmXQWTMA/zIDcqk7iy1/Mi3yraQ+yB454VHoKGSIYmu+g+NNULrlosXR8d6YXqNH53NnDwvJJ5k6kZyKw4HtjMcH2EwIfMQJdEp7tLCGRpEwo6BoXWiV3igKTqSWVetz1VCe0t+Dnz5I6U+9C8pjwar8XDVstGmknudIP8oaGpAiiz4P4x94+eciEKug/NzBVPX1pDMEb6/XQVjdweCym9xnFrzxUmfstu08Spu35kiXt/vvZmAlFZc+cZP3x/3+5TmtPLMF+wXb7Lu0====</Value>
				</Measurement>
			</Results>
		</Test>
		<Test Status="passed">
			<Name>bin_op_node.list_multiply_list</Name>
			<Path>./tests</Path>
			<FullName>./tests/bin_op_node.list_multiply_list</FullName>
			<FullCommandLine>/home/alfred/Code/Language/new_langauge/Lokus/build/tests/tests "--gtest_filter=bin_op_node.list_multiply_list" "--gtest_also_run_disabled_tests"</FullCommandLine>
			<Results>
				<NamedMeasurement type="numeric/double" name="Execution Time">
					<Value>0.0193964</Value>
				</NamedMeasurement>
				<NamedMeasurement type="numeric/double" name="Processors">
					<Value>1</Value>
				</NamedMeasurement>
				<NamedMeasurement type="text/string" name="Completion Status">
					<Value>Completed</Value>
				</NamedMeasurement>
				<NamedMeasurement type="text/string" name="Command Line">
					<Value>/home/alfred/Code/Language/new_langauge/Lokus/build/tests/tests "--gtest_filter=bin_op_node.list_multiply_list" "--gtest_also_run_disabled_tests"</Value>
				</NamedMeasurement>
				<NamedMeasurement type="text/string" name="Environment">
					<Value>#CTEST_RESOURCE_GROUP_COUNT=</Value>
				</NamedMeasurement>
				<Measurement>
					<Value encoding="base64" compression="gzip">eJyNkE1Lw0AQhu/7K+bYHJLVq9CDqPTQUiXVUwjLJpnExc1s2A+L/95NUkoqSDuneZlnPt7JA5GiDnqpaJVAa00P/NP0yKVuLTb8yTTId5K6IDvkhEeho5Ahip35Co5XQemGiwYHxztjOo0enU+drReST3LMxLgpq2u2Nx4fYDMh8B4r0Crt0cIaKkXCDILi6kyrsSdorwb9I0bFivU5SshPBu7BTzNGA6fcBeUxY0V6jhI22lRSz3Wkb2UN9UiRRZ+G4Q+8nLm4iRWQf+xhivLqsTMHr9urLKzuoHfJTTfMLHjjpU7YbR49Sps25kiXH/zvc2AlZZd7opm3x8Ph5Xk0PrMZ+wXUH7+w====</Value>
				</Measurement>
			</Results>
		</Test>
		<Test Status="passed">
			<Name>bin_op_node.list_divide_list</Name>
			<Path>./tests</Path>
			<FullName>./tests/bin_op_node.list_divide_list</FullName>
			<FullCommandLine>/home/alfred/Code/Language/new_langauge/Lokus/build/tests/tests "--gtest_filter=bin_op_node.list_divide_list" "--gtest_also_run_disabled_tests"</FullCommandLine>
			<Results>
				<NamedMeasurement type="numeric/double" name="Execution Time">
					<Value>0.0178674</Value>
				</NamedMeasurement>
				<NamedMeasurement type="numeric/double" name="Processors">
					<Value>1</Value>
				</NamedMeasurement>
				<NamedMeasurement type="text/string" name="Completion Status">
					<Value>Completed</Value>
				</NamedMeasurement>
				<NamedMeasurement type="text/string" name="Command Line">
					<Value>/home/alfred/Code/Language/new_langauge/Lokus/build/tests/tests "--gtest_filter=bin_op_node.list_divide_list" "--gtest_also_run_disabled_tests"</Value>
				</NamedMeasurement>
				<NamedMeasurement type="text/string" name="Environment">
					<Value>#CTEST_RESOURCE_GROUP_COUNT=</Value>
				</NamedMeasurement>
				<Measurement>
					<Value encoding="base64" compression="gzip">eJyNkE9rwzAMxe/+FDo2h8TbddDD2EYPLd1It1MIwYmVzMyRg/+0X39OUko6GK1OeuhnvyflgUhRB71QtEqgtaYH/m165EK3FiV/MRL5TlAXRIec8FTpKESIYmd+guN1UFrySuLgeGdMp9Gj86mzzULySY5dNTplTcP2xuMTbCYEPuMEWqU9WlhDragyQ0XROtMqvpHqqCRWY8+K9aVKyM/xH8FPP4zxz70LymPGivRSJWy0qYWe50hHZQ31SJFFn4bhD7z8c5GIFZB/7WGq8kbUmYL37Q0SVg/Qu+Qu/5kFb7zQCbtvP4/CptKc6Pp6/10NrKDs2ieu8vF8OLy9jkvPbMZ+Af2tvI8=</Value>
				</Measurement>
			</Results>
		</Test>
		<Test Status="passed">
			<Name>bin_op_node.list_plus_int</Name>
			<Path>./tests</Path>
			<FullName>./tests/bin_op_node.list_plus_int</FullName>
			<FullCommandLine>/home/alfred/Code/Language/new_langauge/Lokus/build/tests/tests "--gtest_filter=bin_op_node.list_plus_int" "--gtest_also_run_disabled_tests"</FullCommandLine>
			<Results>
				<NamedMeasurement type="numeric/double" name="Execution Time">
					<Value>0.0164762</Value>
				</NamedMeasurement>
				<NamedMeasurement type="numeric/double" name="Processors">
					<Value>1</Value>
				</NamedMeasurement>
				<NamedMeasurement type="text/string" name="Completion Status">
					<Value>Completed</Value>
				</NamedMeasurement>
				<NamedMeasurement type="text/string" name="Command Line">
					<Value>/home/alfred/Code/Language/new_langauge/Lokus/build/tests/tests "--gtest_filter=bin_op_node.list_plus_int" "--gtest_also_run_disabled_tests"</Value>
				</NamedMeasurement>
				<NamedMeasurement type="text/string" name="Environment">
					<Value>#CTEST_RESOURCE_GROUP_COUNT=</Value>
				</NamedMeasurement>
				<Measurement>
					<Value encoding="base64" compression="gzip">eJyNkE9PwzAMxe/9FD6uhzZwRdoBAdqBaaAOTlUVpatbIlK7yh/29UnbaeqQmOaTn/xL3rOLQKSpg15pWqXQWu5BfHGPQpnWYiOeuEGxVdQF1aEgPEoThQpRbPk7OFEHbRohGxyc6Jg7gx6dz5w9LKSY5NjJ0Sk/HJIde3yAzYTAR5xAq41HC2uoNUkeJEXr3Oj4ZjDBSU0+KdfnqqA4Zb8HPz0fs596F7THPCmzc1WwMVwrM8+RfrRl6pEiiz4Lwx94+eciTlJC8bmDqaprOWcE3l6vYbC6g96lNznPLHj2yqTJbZt5VDZr+EiXd/vvXmAV5Zc+cY/3x/3+5Xlcd2bz5Be/FLkp====</Value>
				</Measurement>
			</Results>
		</Test>
		<Test Status="passed">
			<Name>bin_op_node.list_minus_int</Name>
			<Path>./tests</Path>
			<FullName>./tests/bin_op_node.list_minus_int</FullName>
			<FullCommandLine>/home/alfred/Code/Language/new_langauge/Lokus/build/tests/tests "--gtest_filter=bin_op_node.list_minus_int" "--gtest_also_run_disabled_tests"</FullCommandLine>
			<Results>
				<NamedMeasurement type="numeric/double" name="Execution Time">
					<Value>0.0148819</Value>
				</NamedMeasurement>
				<NamedMeasurement type="numeric/double" name="Processors">
					<Value>1</Value>
				</NamedMeasurement>
				<NamedMeasurement type="text/string" name="Completion Status">
					<Value>Completed</Value>
				</NamedMeasurement>
				<NamedMeasurement type="text/string" name="Command Line">
					<Value>/home/alfred/Code/Language/new_langauge/Lokus/build/tests/tests "--gtest_filter=bin_op_node.list_minus_int" "--gtest_also_run_disabled_tests"</Value>
				</NamedMeasurement>
				<NamedMeasurement type="text/string" name="Environment">
					<Value>#CTEST_RESOURCE_GROUP_COUNT=</Value>
				</NamedMeasurement>
				<Measurement>
					<Value encoding="base64" compression="gzip">eJyNkE9PwzAMxe/9FD6uhzZwRdoBAdqBaaAOTlUVpatbIlK7yh/29UnbaeqQmOaTn/xL3rOLQKSpg15pWqXQWu5BfHGPQpnWYiOeuEGxVdQF1aEgPEoThQpRbPk7OFEHbRohGxyc6Jg7gx6dz5w9LKSY5NjJ0Sk/HJIde3yAzYTAR5xAq41HC2uoNUkeJEXr3OjxjabgpCaflOtzVVCcwt+Dn96P4U+9C9pjnpTZuSrYGK6VmedIP9oy9UiRRZ+F4Q+8/HORJymh+NzBVNXVoDMDb69XOVjdQe/Sm7xnFjx7ZdLktt08Kps1fKTLy/13MbCK8kufuMj7437/8jwuPLN58gs9VLph====</Value>
				</Measurement>
			</Results>
		</Test>
		<Test Status="passed">
			<Name>bin_op_node.list_multiply_int</Name>
			<Path>./tests</Path>
			<FullName>./tests/bin_op_node.list_multiply_int</FullName>
			<FullCommandLine>/home/alfred/Code/Language/new_langauge/Lokus/build/tests/tests "--gtest_filter=bin_op_node.list_multiply_int" "--gtest_also_run_disabled_tests"</FullCommandLine>
			<Results>
				<NamedMeasurement type="numeric/double" name="Execution Time">
					<Value>0.0130986</Value>
				</NamedMeasurement>
				<NamedMeasurement type="numeric/double" name="Processors">
					<Value>1</Value>
				</NamedMeasurement>
				<NamedMeasurement type="text/string" name="Completion Status">
					<Value>Completed</Value>
				</NamedMeasurement>
				<NamedMeasurement type="text/string" name="Command Line">
					<Value>/home/alfred/Code/Language/new_langauge/Lokus/build/tests/tests "--gtest_filter=bin_op_node.list_multiply_int" "--gtest_also_run_disabled_tests"</Value>
				</NamedMeasurement>
				<NamedMeasurement type="text/string" name="Environment">
					<Value>#CTEST_RESOURCE_GROUP_COUNT=</Value>
				</NamedMeasurement>
				<Measurement>
					<Value encoding="base64" compression="gzip">eJyNkE1rwzAMhu/+FTo2h8TbddDD2EYPLd1It1MIxkmUzMyRgz9W9u/nJKWkg9HqpBc9kl4pD0SKOuilolUCrTU98E/TI5e6tdjwJ9Mg30nqguyQEx6FjkKGKHbmKzheBaUbLhocHO+M6TR6dD51tl5IPskxE+OmrK7Z3nh8gM2EwHusQKu0RwtrqBQJMwiKqzOtxp6gvRr0j1DkWbE+Rwn5yf89+GnE6P+Uu6A8ZqxIz1HCRptK6rmO9K2soR4psujTMPyBlzMXllgB+ccepiiveZ0xeN1eQ2F1B71LbnIws+CNlzpht13oUdq0MUe6/N9/fwMrKbvcE295ezwcXp7Hs2c2Y78plr5d====</Value>
				</Measurement>
			</Results>
		</Test>
		<Test Status="passed">
			<Name>bin_op_node.list_divide_int</Name>
			<Path>./tests</Path>
			<FullName>./tests/bin_op_node.list_divide_int</FullName>
			<FullCommandLine>/home/alfred/Code/Language/new_langauge/Lokus/build/tests/tests "--gtest_filter=bin_op_node.list_divide_int" "--gtest_also_run_disabled_tests"</FullCommandLine>
			<Results>
				<NamedMeasurement type="numeric/double" name="Execution Time">
					<Value>0.0116803</Value>
				</NamedMeasurement>
				<NamedMeasurement type="numeric/double" name="Processors">
					<Value>1</Value>
				</NamedMeasurement>
				<NamedMeasurement type="text/string" name="Completion Status">
					<Value>Completed</Value>
				</NamedMeasurement>
				<NamedMeasurement type="text/string" name="Command Line">
					<Value>/home/alfred/Code/Language/new_langauge/Lokus/build/tests/tests "--gtest_filter=bin_op_node.list_divide_int" "--gtest_also_run_disabled_tests"</Value>
				</NamedMeasurement>
				<NamedMeasurement type="text/string" name="Environment">
					<Value>#CTEST_RESOURCE_GROUP_COUNT=</Value>
				</NamedMeasurement>
				<Measurement>
					<Value encoding="base64" compression="gzip">eJyNkE9rwzAMxe/+FDo2h8TbddDD2EYPLd1It1MIwYmVzMyRg/+0X39OUko6WKlOeuhnvyflgUhRB71QtEqgtaYH/m165EK3FiV/MRL5TlAXRIec8FTpKESIYmd+guN1UFrySuLgeGdMp9Gj86mzzULySY5dNTplTcP2xuMTbCYEPuMEWqU9WlhDragyQ0XROtMqvpHqqCRWijwr1pcqIT+nfwQ/fTCmP/cuKI8ZK9JLlbDRphZ6niMdlTXUI0UWfRqGP/Dyz0UgVkD+tYepyttJZwjet7dBWD1A75K73GcWvPFCJ+y+7TwKm0pzouvb/XczsIKya5+4ycfz4fD2Oq48sxn7BVwMuzw=</Value>
				</Measurement>
			</Results>
		</Test>
		<Test Status="passed">
			<Name>bin_op_node.list_plus_double</Name>
			<Path>./tests</Path>
			<FullName>./tests/bin_op_node.list_plus_double</FullName>
			<FullCommandLine>/home/alfred/Code/Language/new_langauge/Lokus/build/tests/tests "--gtest_filter=bin_op_node.list_plus_double" "--gtest_also_run_disabled_tests"</FullCommandLine>
			<Results>
				<NamedMeasurement type="numeric/double" name="Execution Time">
					<Value>0.0103742</Value>
				</NamedMeasurement>
				<NamedMeasurement type="numeric/double" name="Processors">
					<Value>1</Value>
				</NamedMeasurement>
				<NamedMeasurement type="text/string" name="Completion Status">
					<Value>Completed</Value>
				</NamedMeasurement>
				<NamedMeasurement type="text/string" name="Command Line">
					<Value>/home/alfred/Code/Language/new_langauge/Lokus/build/tests/tests "--gtest_filter=bin_op_node.list_plus_double" "--gtest_also_run_disabled_tests"</Value>
				</NamedMeasurement>
				<NamedMeasurement type="text/string" name="Environment">
					<Value>#CTEST_RESOURCE_GROUP_COUNT=</Value>
				</NamedMeasurement>
				<Measurement>
					<Value encoding="base64" compression="gzip">eJyNkE9PwzAMxe/9FD6uhzZwRdoBAdqBaaAOTlVVpYtbIlK7yh/29UnbaeqQ0OaTn/xL3rOLQKSpg15qWqXQWu5BfHGPQprWohJPrFBsJXVBdigIj7WJQoYotvwdnGiCNkrUCgcnOubOoEfnM2cPCykmOXb16JQfDsmOPT7AZkLgI06g1cajhTU0mmoeaorWudHxzWCCqxWHxmBSrs9VQXGKfw9++mGMf+pd0B7zpMzOVcHGcCPNPEf60ZapR4os+iwMf+Dln4tESQnF5w6mqq5EnSl4e71CwuoOepfe5D+z4NlLkya37edR2kzxkS6v99/VwErKL33iKu+P+/3L87j0zObJLyy6vLk=</Value>
				</Measurement>
			</Results>
		</Test>
		<Test Status="passed">
			<Name>bin_op_node.list_minus_double</Name>
			<Path>./tests</Path>
			<FullName>./tests/bin_op_node.list_minus_double</FullName>
			<FullCommandLine>/home/alfred/Code/Language/new_langauge/Lokus/build/tests/tests "--gtest_filter=bin_op_node.list_minus_double" "--gtest_also_run_disabled_tests"</FullCommandLine>
			<Results>
				<NamedMeasurement type="numeric/double" name="Execution Time">
					<Value>0.00892683</Value>
				</NamedMeasurement>
				<NamedMeasurement type="numeric/double" name="Processors">
					<Value>1</Value>
				</NamedMeasurement>
				<NamedMeasurement type="text/string" name="Completion Status">
					<Value>Completed</Value>
				</NamedMeasurement>
				<NamedMeasurement type="text/string" name="Command Line">
					<Value>/home/alfred/Code/Language/new_langauge/Lokus/build/tests/tests "--gtest_filter=bin_op_node.list_minus_double" "--gtest_also_run_disabled_tests"</Value>
				</NamedMeasurement>
				<NamedMeasurement type="text/string" name="Environment">
					<Value>#CTEST_RESOURCE_GROUP_COUNT=</Value>
				</NamedMeasurement>
				<Measurement>
					<Value encoding="base64" compression="gzip">eJyNkD1Pw0AMhvf7FR6bITlYkTogQB2oCkphiqLo0jjhxMWO7oP+fS5JVaVIqPXkV35sv3YeiDR10CtNqwRayz3IL+5RKtNabOQTNyi3irqgOpSEx8pEoUIUW/4OTtZBm0ZWDQ5OdsydQY/Op84eFlJOcsyqcVN2OIgde3yAzYTAR6xAq41HC2uoNVU8VBRXZ0aPPZqCqxoOtUFRrM9RQn7yfw9+GjH6P+UuaI+ZKNJzlLAxXCsz15F+tGXqkSKLPg3DH3g5c2FJFJB/7mCK8prXGYO312sorO6gd8lNDmYWPHtlEnHbhR6VTRs+0uX//vsbWEXZ5Z54y/vjfv/yPJ49s5n4BbXLvfE=</Value>
				</Measurement>
			</Results>
		</Test>
		<Test Status="passed">
			<Name>bin_op_node.list_multiply_double</Name>
			<Path>./tests</Path>
			<FullName>./tests/bin_op_node.list_multiply_double</FullName>
			<FullCommandLine>/home/alfred/Code/Language/new_langauge/Lokus/build/tests/tests "--gtest_filter=bin_op_node.list_multiply_double" "--gtest_also_run_disabled_tests"</FullCommandLine>
			<Results>
				<NamedMeasurement type="numeric/double" name="Execution Time">
					<Value>0.0076508</Value>
				</NamedMeasurement>
				<NamedMeasurement type="numeric/double" name="Processors">
					<Value>1</Value>
				</NamedMeasurement>
				<NamedMeasurement type="text/string" name="Completion Status">
					<Value>Completed</Value>
				</NamedMeasurement>
				<NamedMeasurement type="text/string" name="Command Line">
					<Value>/home/alfred/Code/Language/new_langauge/Lokus/build/tests/tests "--gtest_filter=bin_op_node.list_multiply_double" "--gtest_also_run_disabled_tests"</Value>
				</NamedMeasurement>
				<NamedMeasurement type="text/string" name="Environment">
					<Value>#CTEST_RESOURCE_GROUP_COUNT=</Value>
				</NamedMeasurement>
				<Measurement>
					<Value encoding="base64" compression="gzip">eJyNkE1rwzAMhu/+FTo2h8TbddDD2EYPLd1It1MIxkmUzMyRgmOv7N8vH6Wkg0F00osefbxKA5GhBlptaBNB7bgF+cktSm1rh5V84grlQVMTdIOS8KzsIHQYxIG/Qi+LYGwlVYVdLxvmxqLH3se9KxdSTnLM1LgpKUtxZI8PsJsQeB8qUBvr0cEWCkOKO0XD6sSasSdYbzr7oyoOhUWRba+RQ3qxcA9+mjJauOR9MB4TkcXXyGFnudB2riN9G8fUIg0s+jh0f+DlzMVVIoP04whT5CvOnUl43a+gYXMHbR+tumNmwbPXNhLrfHrULq74TLdf/O974DQlt3sGO2+Pp9PL82h+ZhPxC8Slwe0=</Value>
				</Measurement>
			</Results>
		</Test>
		<Test Status="passed">
			<Name>bin_op_node.list_divide_double</Name>
			<Path>./tests</Path>
			<FullName>./tests/bin_op_node.list_divide_double</FullName>
			<FullCommandLine>/home/alfred/Code/Language/new_langauge/Lokus/build/tests/tests "--gtest_filter=bin_op_node.list_divide_double" "--gtest_also_run_disabled_tests"</FullCommandLine>
			<Results>
				<NamedMeasurement type="numeric/double" name="Execution Time">
					<Value>0.00628109</Value>
				</NamedMeasurement>
				<NamedMeasurement type="numeric/double" name="Processors">
					<Value>1</Value>
				</NamedMeasurement>
				<NamedMeasurement type="text/string" name="Completion Status">
					<Value>Completed</Value>
				</NamedMeasurement>
				<NamedMeasurement type="text/string" name="Command Line">
					<Value>/home/alfred/Code/Language/new_langauge/Lokus/build/tests/tests "--gtest_filter=bin_op_node.list_divide_double" "--gtest_also_run_disabled_tests"</Value>
				</NamedMeasurement>
				<NamedMeasurement type="text/string" name="Environment">
					<Value>#CTEST_RESOURCE_GROUP_COUNT=</Value>
				</NamedMeasurement>
				<Measurement>
					<Value encoding="base64" compression="gzip">eJyNkE1vgzAMhu/8Ch/LAbJdJ/UwbVMPrbqJbieEUCCGRQs2Ckn79xegquikqfXJr/z443XmiTS10ElNqxgayx2Ib+5QSNNYVOKFFYqdpNbLFgXhqTRBSB/Ejn/8ICqvjRKlwn4QLXNr0OHgksHWCykmOWbluCmt62jPDp9gMyHwGSrQaOPQwhoqTSX3JYXVqdGhR+mjVlgq9pXBKF9fooDsbOAR3DRjNHDOB68dplGeXKKAjeFKmrmOdNSWqUMKLLrE93/g5czFTVEO2dcepihuHjtz8L69ycLqAbohvuuGmQXHTpo4us+jQ2kTxSe6/uB/nwMrKb3eE8x8PB8Ob6+j8ZlNo1/dNb7M====</Value>
				</Measurement>
			</Results>
		</Test>
		<Test Status="passed">
			<Name>bin_op_node.list_plus_string</Name>
			<Path>./tests</Path>
			<FullName>./tests/bin_op_node.list_plus_string</FullName>
			<FullCommandLine>/home/alfred/Code/Language/new_langauge/Lokus/build/tests/tests "--gtest_filter=bin_op_node.list_plus_string" "--gtest_also_run_disabled_tests"</FullCommandLine>
			<Results>
				<NamedMeasurement type="numeric/double" name="Execution Time">
					<Value>0.00467757</Value>
				</NamedMeasurement>
				<NamedMeasurement type="numeric/double" name="Processors">
					<Value>1</Value>
				</NamedMeasurement>
				<NamedMeasurement type="text/string" name="Completion Status">
					<Value>Completed</Value>
				</NamedMeasurement>
				<NamedMeasurement type="text/string" name="Command Line">
					<Value>/home/alfred/Code/Language/new_langauge/Lokus/build/tests/tests "--gtest_filter=bin_op_node.list_plus_string" "--gtest_also_run_disabled_tests"</Value>
				</NamedMeasurement>
				<NamedMeasurement type="text/string" name="Environment">
					<Value>#CTEST_RESOURCE_GROUP_COUNT=</Value>
				</NamedMeasurement>
				<Measurement>
					<Value encoding="base64" compression="gzip">eJyNkE9PwzAMxe/9FD6uhzZwRdoBAdqBaaAOTlUVpatbIlK7yh/29UnbaeqQ0OaTn/xL3rOLQKSpg15pWqXQWu5BfHGPQpnWYiOeuEGxVdQF1aEgPEoThQpRbPk7OFEHbRohGxyc6Jg7gx6dz5w9LKSY5NjJ0Sk/HJIde3yAzYTAR5xAq41HC2uoNUkeJEXr3Oj4ZjDBSedtTJqU63NVUJzi34Offhjjn3oXtMc8KbNzVbAxXCszz5F+tGXqkSKLPgvDH3j55yJRUkLxuYOpqitRZwreXq+QsLqD3qU3+c8sePbKpMlt+3lUNmv4SJfX++9qYBXllz5xlffH/f7leVx6ZvPkF4YwvQ0=</Value>
				</Measurement>
			</Results>
		</Test>
		<EndDateTime>Jan 08 18:07 EST</EndDateTime>
		<EndTestTime>1673219272</EndTestTime>
		<ElapsedMinutes>0</ElapsedMinutes>
	</Testing>
</Site>
